[05:42:38] [main/INFO] ========================================
[05:42:38] [main/INFO] Minecraft: 1.20.1
[05:42:38] [main/INFO] Side: server
[05:42:38] [main/INFO] Development: false
[05:42:38] [main/INFO] Version: 12.1.785
[05:42:38] [main/INFO] Loader:
[05:42:38] [main/INFO] - Fabric: 0.16.14
[05:42:38] [main/INFO] - Fabric API: 0.92.6+1.20.1
[05:42:38] [main/INFO] Dependencies:
[05:42:38] [main/INFO] - Cloth Config: 11.1.136
[05:42:38] [main/INFO] - Architectury: 9.2.14
[05:42:38] [main/INFO] Mixin: 0.8.7
[05:42:38] [main/INFO] OS: Linux 6.8.0-1027-azure (amd64)
[05:42:38] [main/INFO] Java: 17.0.15 (Ubuntu)
[05:42:38] [main/INFO] ========================================
[05:42:38] [main/INFO] Mods:
[05:42:38] [main/INFO] - additionaladditions: 6.0.1
[05:42:38] [main/INFO] - adorabuild_structures: 2.8.0
[05:42:38] [main/INFO] - adventurez: 1.4.20
[05:42:38] [main/INFO] - amendments: 1.20-1.2.19
[05:42:38] [main/INFO] - amplified_nether: 1.2.5
[05:42:38] [main/INFO] - another_furniture: 1.20.1-3.0.1
[05:42:38] [main/INFO] - appleskin: 2.5.1+mc1.20
[05:42:38] [main/INFO] - architectury: 9.2.14
[05:42:38] [main/INFO] - archon: 0.8.1
[05:42:38] [main/INFO] - armorful: 3.1.3+1.20.1
[05:42:38] [main/INFO] - attributefix: 21.0.4
[05:42:38] [main/INFO] - autoconfig1u: 3.4.0
[05:42:38] [main/INFO] - azurelib: 3.0.8
[05:42:38] [main/INFO] - azurelibarmor: 2.0.14
[05:42:38] [main/INFO] - backslot: 1.2.15
[05:42:38] [main/INFO] - balm: 7.3.31
[05:42:38] [main/INFO] - bclib: 3.0.14
[05:42:38] [main/INFO] - betteradvancements: 0.3.2.161
[05:42:38] [main/INFO] - bettercombat: 1.8.6+1.20.1
[05:42:38] [main/INFO] - betterdeserttemples: 1.20-Fabric-3.0.3
[05:42:38] [main/INFO] - betterdungeons: 1.20-Fabric-4.0.4
[05:42:38] [main/INFO] - betterend: 4.0.11
[05:42:38] [main/INFO] - betterendisland: 1.20-Fabric-2.0.6
[05:42:38] [main/INFO] - betterfortresses: 1.20-Fabric-2.0.6
[05:42:38] [main/INFO] - betterjungletemples: 1.20-Fabric-2.0.5
[05:42:38] [main/INFO] - bettermineshafts: 1.20-Fabric-4.0.4
[05:42:38] [main/INFO] - betternether: 9.0.10
[05:42:38] [main/INFO] - betteroceanmonuments: 1.20-Fabric-3.0.4
[05:42:38] [main/INFO] - betterstrongholds: 1.20-Fabric-4.0.3
[05:42:38] [main/INFO] - betterwitchhuts: 1.20-Fabric-3.0.3
[05:42:38] [main/INFO] - biolith: 1.0.0-beta.1
[05:42:38] [main/INFO] - biomesoplenty: 19.0.0.96
[05:42:38] [main/INFO] - blue_endless_jankson: 1.2.3
[05:42:38] [main/INFO] - bookshelf: 20.2.13
[05:42:38] [main/INFO] - bushierflowers: 0.0.3-1.20.1
[05:42:38] [main/INFO] - cardinal-components: 5.2.3
[05:42:38] [main/INFO] - cardinal-components-base: 5.2.3
[05:42:38] [main/INFO] - cardinal-components-block: 5.2.3
[05:42:38] [main/INFO] - cardinal-components-chunk: 5.2.3
[05:42:38] [main/INFO] - cardinal-components-entity: 5.2.3
[05:42:38] [main/INFO] - cardinal-components-item: 5.2.3
[05:42:38] [main/INFO] - cardinal-components-level: 5.2.3
[05:42:38] [main/INFO] - cardinal-components-scoreboard: 5.2.3
[05:42:38] [main/INFO] - cardinal-components-world: 5.2.3
[05:42:38] [main/INFO] - cavedust: 3.0.1
[05:42:38] [main/INFO] - charmofundying: 6.5.0+1.20.1
[05:42:38] [main/INFO] - chunky: 1.3.146
[05:42:38] [main/INFO] - cinderscapes: 4.0.10
[05:42:38] [main/INFO] - cinderscapes-common: 4.0.10
[05:42:38] [main/INFO] - cinderscapes-worldgen: 4.0.10
[05:42:38] [main/INFO] - cloth-basic-math: 0.6.1
[05:42:38] [main/INFO] - cloth-config: 11.1.136
[05:42:38] [main/INFO] - cloth-config: 11.1.136
[05:42:38] [main/INFO] - collective: 8.3
[05:42:38] [main/INFO] - com_electronwill_night-config_core: 3.6.7
[05:42:38] [main/INFO] - com_electronwill_night-config_toml: 3.6.7
[05:42:38] [main/INFO] - com_eliotlash_mclib_mclib: 20
[05:42:38] [main/INFO] - com_fasterxml_jackson_core_jackson-annotations: 2.15.2
[05:42:38] [main/INFO] - com_fasterxml_jackson_core_jackson-core: 2.15.2
[05:42:38] [main/INFO] - com_fasterxml_jackson_core_jackson-databind: 2.15.2
[05:42:38] [main/INFO] - com_github_redempt_crunch: 2.0.3
[05:42:38] [main/INFO] - com_github_zsoltmolnarrr_tinyconfig: 2.3.2
[05:42:38] [main/INFO] - com_hrakaroo_glob: 0.9.0
[05:42:38] [main/INFO] - com_moulberry_mixinconstraints: 1.0.1
[05:42:38] [main/INFO] - com_teamresourceful_bytecodecs: 1.0.2
[05:42:38] [main/INFO] - com_teamresourceful_yabn: 1.0.3
[05:42:38] [main/INFO] - com_twelvemonkeys_common_common-image: 3.12.0
[05:42:38] [main/INFO] - com_twelvemonkeys_common_common-io: 3.12.0
[05:42:38] [main/INFO] - com_twelvemonkeys_common_common-lang: 3.12.0
[05:42:38] [main/INFO] - com_twelvemonkeys_imageio_imageio-core: 3.12.0
[05:42:38] [main/INFO] - com_twelvemonkeys_imageio_imageio-metadata: 3.12.0
[05:42:38] [main/INFO] - com_twelvemonkeys_imageio_imageio-webp: 3.12.0
[05:42:38] [main/INFO] - comforts: 6.4.0+1.20.1
[05:42:38] [main/INFO] - common-protection-api: 1.0.0
[05:42:38] [main/INFO] - creativecore: 2.12.33
[05:42:38] [main/INFO] - creeperoverhaul: 3.0.2
[05:42:38] [main/INFO] - cristellib: 1.1.5
[05:42:38] [main/INFO] - customportalapi: 0.0.1-beta64-1.20
[05:42:38] [main/INFO] - darkpaintings: 17.0.4
[05:42:38] [main/INFO] - death_knights: 1.0.0
[05:42:38] [main/INFO] - deeperdarker: 1.3.3
[05:42:38] [main/INFO] - dungeons_arise: 2.1.57
[05:42:38] [main/INFO] - dungeons_arise_seven_seas: 1.0.2
[05:42:38] [main/INFO] - dungeonz: 1.0.6
[05:42:38] [main/INFO] - effectdescriptions: 8.0.2
[05:42:38] [main/INFO] - emi: 1.1.22+1.20.1+fabric
[05:42:38] [main/INFO] - endermanoverhaul: 1.0.4
[05:42:38] [main/INFO] - entityculling: 1.7.4
[05:42:38] [main/INFO] - error_notifier: 1.0.9
[05:42:38] [main/INFO] - eternal_attributes: 1.0.0
[05:42:38] [main/INFO] - explorations: 1.20.1-1.6.1
[05:42:38] [main/INFO] - explorify: 1.6.2
[05:42:38] [main/INFO] - extensibleenums: 7.0.1
[05:42:38] [main/INFO] - extraspellattributes: 1.3.2
[05:42:38] [main/INFO] - fabric-api: 0.92.6+1.20.1
[05:42:38] [main/INFO] - fabric-api: 0.92.6+1.20.1
[05:42:38] [main/INFO] - fabric-api-base: 0.4.32+1802ada577
[05:42:38] [main/INFO] - fabric-api-lookup-api-v1: 1.6.37+1802ada577
[05:42:38] [main/INFO] - fabric-biome-api-v1: 13.0.14+1802ada577
[05:42:38] [main/INFO] - fabric-block-api-v1: 1.0.12+1802ada577
[05:42:38] [main/INFO] - fabric-block-view-api-v2: 1.0.3+924f046a77
[05:42:38] [main/INFO] - fabric-command-api-v1: 1.2.35+f71b366f77
[05:42:38] [main/INFO] - fabric-command-api-v2: 2.2.14+1802ada577
[05:42:38] [main/INFO] - fabric-commands-v0: 0.2.52+df3654b377
[05:42:38] [main/INFO] - fabric-containers-v0: 0.1.67+df3654b377
[05:42:38] [main/INFO] - fabric-content-registries-v0: 4.0.13+1802ada577
[05:42:38] [main/INFO] - fabric-convention-tags-v1: 1.5.6+1802ada577
[05:42:38] [main/INFO] - fabric-crash-report-info-v1: 0.2.20+1802ada577
[05:42:38] [main/INFO] - fabric-data-attachment-api-v1: 1.0.2+de0fd6d177
[05:42:38] [main/INFO] - fabric-data-generation-api-v1: 12.3.7+1802ada577
[05:42:38] [main/INFO] - fabric-dimensions-v1: 2.1.55+1802ada577
[05:42:38] [main/INFO] - fabric-entity-events-v1: 1.6.1+1c78457f77
[05:42:38] [main/INFO] - fabric-events-interaction-v0: 0.6.5+13a40c6677
[05:42:38] [main/INFO] - fabric-events-lifecycle-v0: 0.2.64+df3654b377
[05:42:38] [main/INFO] - fabric-game-rule-api-v1: 1.0.41+1802ada577
[05:42:38] [main/INFO] - fabric-item-api-v1: 2.1.29+1802ada577
[05:42:38] [main/INFO] - fabric-item-group-api-v1: 4.0.14+1802ada577
[05:42:38] [main/INFO] - fabric-language-kotlin: 1.13.3+kotlin.2.1.21
[05:42:38] [main/INFO] - fabric-lifecycle-events-v1: 2.2.23+1802ada577
[05:42:38] [main/INFO] - fabric-loot-api-v2: 1.2.3+1802ada577
[05:42:38] [main/INFO] - fabric-loot-tables-v1: 1.1.47+9e7660c677
[05:42:38] [main/INFO] - fabric-message-api-v1: 5.1.10+1802ada577
[05:42:38] [main/INFO] - fabric-mining-level-api-v1: 2.1.52+1802ada577
[05:42:38] [main/INFO] - fabric-networking-api-v1: 1.3.14+a158aa0477
[05:42:38] [main/INFO] - fabric-networking-v0: 0.3.54+df3654b377
[05:42:38] [main/INFO] - fabric-object-builder-api-v1: 11.1.5+e35120df77
[05:42:38] [main/INFO] - fabric-particles-v1: 1.1.3+1802ada577
[05:42:38] [main/INFO] - fabric-permissions-api-v0: 0.3.1
[05:42:38] [main/INFO] - fabric-recipe-api-v1: 1.0.24+1802ada577
[05:42:38] [main/INFO] - fabric-registry-sync-v0: 2.3.6+1802ada577
[05:42:38] [main/INFO] - fabric-rendering-data-attachment-v1: 0.3.39+92a0d36777
[05:42:38] [main/INFO] - fabric-rendering-fluids-v1: 3.0.29+1802ada577
[05:42:38] [main/INFO] - fabric-resource-conditions-api-v1: 2.3.9+1802ada577
[05:42:38] [main/INFO] - fabric-resource-loader-v0: 0.11.12+fb82e9d777
[05:42:38] [main/INFO] - fabric-screen-handler-api-v1: 1.3.33+1802ada577
[05:42:38] [main/INFO] - fabric-transfer-api-v1: 3.3.6+8dd72ea377
[05:42:38] [main/INFO] - fabric-transitive-access-wideners-v1: 4.3.2+1802ada577
[05:42:38] [main/INFO] - fabricloader: 0.16.14
[05:42:38] [main/INFO] - fallingtree: 4.3.4
[05:42:38] [main/INFO] - ferritecore: 6.0.1
[05:42:38] [main/INFO] - fiber: 0.23.0-2
[05:42:38] [main/INFO] - forgeconfigapiport: 8.0.2
[05:42:38] [main/INFO] - formations: 1.0.3
[05:42:38] [main/INFO] - formationsnether: 1.0.5
[05:42:38] [main/INFO] - formationsoverworld: 1.0.4
[05:42:38] [main/INFO] - fwaystones: 3.3.3+mc1.20.1
[05:42:38] [main/INFO] - fzzy_config: 0.7.0+1.20.1
[05:42:38] [main/INFO] - gardens_of_the_dead: 4.0.1
[05:42:38] [main/INFO] - geckolib: 4.7.1.3
[05:42:38] [main/INFO] - geophilic: 3.4.1
[05:42:38] [main/INFO] - gimm1q: 0.7.9+1.20.1
[05:42:38] [main/INFO] - glitchcore: 0.0.1.1
[05:42:38] [main/INFO] - grassoverhaul: 25.1.31
[05:42:38] [main/INFO] - gravestones: v1.15
[05:42:38] [main/INFO] - graveyard: 3.0
[05:42:38] [main/INFO] - hearths: 1.0.3
[05:42:38] [main/INFO] - iceberg: 1.1.25
[05:42:38] [main/INFO] - illagerinvasion: 8.0.7
[05:42:38] [main/INFO] - immersive_armors: 1.7.0+1.20.1
[05:42:38] [main/INFO] - immersive_weathering: 1.20.1-2.0.5
[05:42:38] [main/INFO] - imst: 2.1.0
[05:42:38] [main/INFO] - incendium: 5.3.5
[05:42:38] [main/INFO] - inventorymanagement: 1.3.1
[05:42:38] [main/INFO] - inventorysorter: 1.9.0-1.20
[05:42:38] [main/INFO] - jade: 11.12.3+fabric
[05:42:38] [main/INFO] - jadeaddons: 5.4.0+fabric
[05:42:38] [main/INFO] - jankson: 5.0.1+j1.2.2
[05:42:38] [main/INFO] - java: 17
[05:42:38] [main/INFO] - jeed: 1.20-2.2.5
[05:42:38] [main/INFO] - jei: 15.20.0.112
[05:42:38] [main/INFO] - jewelry: 1.3.7+1.20.1
[05:42:38] [main/INFO] - journeymap: 5.10.3
[05:42:38] [main/INFO] - journeymap-api-fabric: 1.20-1.9-fabric-SNAPSHOT
[05:42:38] [main/INFO] - justenoughbreeding: 1.5.0
[05:42:38] [main/INFO] - kirin: 1.15.6+1.20.1
[05:42:38] [main/INFO] - konkrete: 1.8.1
[05:42:38] [main/INFO] - kuma_api: 20.1.10
[05:42:38] [main/INFO] - kyrptconfig: 1.5.6-1.20
[05:42:38] [main/INFO] - levelz: 1.4.13
[05:42:38] [main/INFO] - libgui: 8.0.1+1.20
[05:42:38] [main/INFO] - libninepatch: 1.2.0
[05:42:38] [main/INFO] - libz: 1.0.3
[05:42:38] [main/INFO] - lithium: 0.11.3
[05:42:38] [main/INFO] - lithostitched: 1.4.7
[05:42:38] [main/INFO] - lootr: 0.7.35.85
[05:42:38] [main/INFO] - mcda: 5.0.2
[05:42:38] [main/INFO] - mcdar: 4.0.5
[05:42:38] [main/INFO] - mcde: 1.6.4-1.20
[05:42:38] [main/INFO] - mcdw: 9.0.4
[05:42:38] [main/INFO] - mcwbridges: 3.1.0
[05:42:38] [main/INFO] - mcwdoors: 1.1.2
[05:42:38] [main/INFO] - mcwfences: 1.2.0
[05:42:38] [main/INFO] - mcwfurnitures: 3.3.0
[05:42:38] [main/INFO] - mcwlights: 1.1.2
[05:42:38] [main/INFO] - mcwpaintings: 1.0.5
[05:42:38] [main/INFO] - mcwpaths: 1.1.0
[05:42:38] [main/INFO] - mcwroofs: 2.3.2
[05:42:38] [main/INFO] - mcwstairs: 1.0.1
[05:42:38] [main/INFO] - mcwtrpdoors: 1.1.4
[05:42:38] [main/INFO] - mcwwindows: 2.3.0
[05:42:38] [main/INFO] - melody: 1.0.3
[05:42:38] [main/INFO] - memoryleakfix: 1.1.5
[05:42:38] [main/INFO] - mes: 1.3.4-1.20-fabric
[05:42:38] [main/INFO] - midnightlib: 1.4.1
[05:42:38] [main/INFO] - minecells: 1.9.2
[05:42:38] [main/INFO] - minecraft: 1.20.1
[05:42:38] [main/INFO] - mixinextras: 0.4.1
[05:42:38] [main/INFO] - mobcaptains: 3.1.1
[05:42:38] [main/INFO] - moonlight: 1.20-2.14.5
[05:42:38] [main/INFO] - moremobs: 1.5.4+mod
[05:42:38] [main/INFO] - moremobvariants: 1.3.1
[05:42:38] [main/INFO] - mozombies_wave: 1.20.1-0.1.0
[05:42:38] [main/INFO] - mr_blossom_blade: 1.2
[05:42:38] [main/INFO] - mr_dungeons: 1.8.4b
[05:42:38] [main/INFO] - mr_dungeons_andtaverns: 3.0.3.f
[05:42:38] [main/INFO] - mr_dungeons_andtavernsstrongholdrework: 1
[05:42:38] [main/INFO] - mr_dungeons_andtavernsswamphutrework: 1
[05:42:38] [main/INFO] - mr_lithosphere: 1.5
[05:42:38] [main/INFO] - mr_mine_treasure: 1.3.2
[05:42:38] [main/INFO] - mr_tidal_towns: 1.3.4
[05:42:38] [main/INFO] - mr_vanilla_refresh: 1.4.19h
[05:42:38] [main/INFO] - mru: 1.0.4+1.20.1+fabric
[05:42:38] [main/INFO] - mutantmonsters: 8.0.7
[05:42:38] [main/INFO] - mvs: 4.1.5-1.20-fabric
[05:42:38] [main/INFO] - naturalist: 4.0.3
[05:42:38] [main/INFO] - necronomicon: 1.6.0
[05:42:38] [main/INFO] - net_jodah_typetools: 0.6.3
[05:42:38] [main/INFO] - net_minecraftforge_eventbus: 6.0.3
[05:42:38] [main/INFO] - net_peanuuutz_tomlkt_tomlkt-jvm: 0.3.7
[05:42:38] [main/INFO] - noisium: 2.3.0+mc1.20-1.20.1
[05:42:38] [main/INFO] - notenoughanimations: 1.9.3
[05:42:38] [main/INFO] - nyctophobia: 1.9
[05:42:38] [main/INFO] - nyfsspiders: 2.1.1
[05:42:38] [main/INFO] - omega-config: 1.4.0+1.20.1
[05:42:38] [main/INFO] - org_javassist_javassist: 3.29.2-GA
[05:42:38] [main/INFO] - org_jetbrains_kotlin_kotlin-reflect: 2.1.21
[05:42:38] [main/INFO] - org_jetbrains_kotlin_kotlin-stdlib: 2.1.21
[05:42:38] [main/INFO] - org_jetbrains_kotlin_kotlin-stdlib-jdk7: 2.1.21
[05:42:38] [main/INFO] - org_jetbrains_kotlin_kotlin-stdlib-jdk8: 2.1.21
[05:42:38] [main/INFO] - org_jetbrains_kotlinx_atomicfu-jvm: 0.27.0
[05:42:38] [main/INFO] - org_jetbrains_kotlinx_kotlinx-coroutines-core-jvm: 1.10.2
[05:42:38] [main/INFO] - org_jetbrains_kotlinx_kotlinx-coroutines-jdk8: 1.10.2
[05:42:38] [main/INFO] - org_jetbrains_kotlinx_kotlinx-datetime-jvm: 0.6.2
[05:42:38] [main/INFO] - org_jetbrains_kotlinx_kotlinx-io-bytestring-jvm: 0.7.0
[05:42:38] [main/INFO] - org_jetbrains_kotlinx_kotlinx-io-core-jvm: 0.7.0
[05:42:38] [main/INFO] - org_jetbrains_kotlinx_kotlinx-serialization-cbor-jvm: 1.8.1
[05:42:38] [main/INFO] - org_jetbrains_kotlinx_kotlinx-serialization-core-jvm: 1.8.1
[05:42:38] [main/INFO] - org_jetbrains_kotlinx_kotlinx-serialization-json-jvm: 1.8.1
[05:42:38] [main/INFO] - org_quiltmc_parsers_gson: 0.2.1
[05:42:38] [main/INFO] - org_quiltmc_parsers_json: 0.2.1
[05:42:38] [main/INFO] - org_reflections_reflections: 0.10.2
[05:42:38] [main/INFO] - owo: 0.11.2+1.20
[05:42:38] [main/INFO] - packet_tweaker: 0.4.0+1.19.4
[05:42:38] [main/INFO] - paladins: 1.4.0+1.20.1
[05:42:38] [main/INFO] - patchouli: 1.20.1-84.1-FABRIC
[05:42:38] [main/INFO] - philipsruins: 5.4
[05:42:38] [main/INFO] - pickupnotifier: 8.0.0
[05:42:38] [main/INFO] - ping-wheel: 1.10.2
[05:42:38] [main/INFO] - placeholder-api: 2.1.3+1.20.1
[05:42:38] [main/INFO] - platform: 1.2.10
[05:42:38] [main/INFO] - player-animator: 1.0.2-rc1+1.20
[05:42:38] [main/INFO] - polymer-common: 0.5.19+1.20.1
[05:42:38] [main/INFO] - polymer-core: 0.5.19+1.20.1
[05:42:38] [main/INFO] - polymer-networking: 0.5.19+1.20.1
[05:42:38] [main/INFO] - polymer-registry-sync-manipulator: 0.5.19+1.20.1
[05:42:38] [main/INFO] - polymer-resource-pack: 0.5.19+1.20.1
[05:42:38] [main/INFO] - polymer-virtual-entity: 0.5.19+1.20.1
[05:42:38] [main/INFO] - predicate-api: 0.2.1+1.20.1
[05:42:38] [main/INFO] - projectile_damage: 3.2.3+1.20.1
[05:42:38] [main/INFO] - puzzlesaccessapi: 20.1.1
[05:42:38] [main/INFO] - puzzleslib: 8.1.32
[05:42:38] [main/INFO] - ranged_weapon_api: 1.1.4+1.20.1
[05:42:38] [main/INFO] - reach-entity-attributes: 2.4.0
[05:42:38] [main/INFO] - regions_unexplored: 0.5.6+1.20.1
[05:42:38] [main/INFO] - repurposed_structures: 7.1.18+1.20.1-fabric
[05:42:38] [main/INFO] - resourcefulconfig: 2.1.3
[05:42:38] [main/INFO] - resourcefullib: 2.1.29
[05:42:38] [main/INFO] - rottencreatures: 1.1.0
[05:42:38] [main/INFO] - roughlyenoughitems: 12.1.785
[05:42:38] [main/INFO] - rpgdifficulty: 1.3.16
[05:42:38] [main/INFO] - runes: 0.9.13+1.20.1
[05:42:38] [main/INFO] - saflib: 1.1.0
[05:42:38] [main/INFO] - seasons: 2.4.2-BETA+1.20
[05:42:38] [main/INFO] - seasonsextras: 1.3.2-BETA+1.20
[05:42:38] [main/INFO] - server_translations_api: 2.0.0+1.20
[05:42:38] [main/INFO] - sgui: 1.2.2+1.20
[05:42:38] [main/INFO] - shield_api: 1.0.0+1.20.1
[05:42:38] [main/INFO] - silk-all: 1.10.1
[05:42:38] [main/INFO] - silk-commands: 1.10.1
[05:42:38] [main/INFO] - silk-core: 1.10.1
[05:42:38] [main/INFO] - silk-game: 1.10.1
[05:42:38] [main/INFO] - silk-igui: 1.10.1
[05:42:38] [main/INFO] - silk-nbt: 1.10.1
[05:42:38] [main/INFO] - silk-network: 1.10.1
[05:42:38] [main/INFO] - silk-persistence: 1.10.1
[05:42:38] [main/INFO] - simplyswords: 1.56.0-1.20.1
[05:42:38] [main/INFO] - soulsweapons: 1.2.4-1.20.1-fabric
[05:42:38] [main/INFO] - sound_physics_remastered: 1.20.1-1.4.10
[05:42:38] [main/INFO] - spawnanimations: 1.10.1+mod
[05:42:38] [main/INFO] - spawners_plus: 4.3.3-1.20.1
[05:42:38] [main/INFO] - spectrelib: 0.13.15+1.20.1
[05:42:38] [main/INFO] - spell_engine: 0.15.12+1.20.1
[05:42:38] [main/INFO] - spell_power: 0.12.0+1.20.1
[05:42:38] [main/INFO] - spellbladenext: 2.3.0+1.20.1
[05:42:38] [main/INFO] - spellbound_weapons_mr: 4.0.5m
[05:42:38] [main/INFO] - structory: 1.3.5
[05:42:38] [main/INFO] - structure_pool_api: 1.0+1.20.1
[05:42:38] [main/INFO] - subtle_effects: 1.11.0
[05:42:38] [main/INFO] - sushi_bar: 0.2.2+1.20
[05:42:38] [main/INFO] - t_and_t: 1.12
[05:42:38] [main/INFO] - talkbubbles: 1.0.8
[05:42:38] [main/INFO] - tectonic: 3.0.1
[05:42:38] [main/INFO] - terrablender: 3.0.1.10
[05:42:38] [main/INFO] - terraform-biome-remapper-api-v1: 7.0.3
[05:42:38] [main/INFO] - terraform-config-api-v1: 7.0.3
[05:42:38] [main/INFO] - terraform-dirt-api-v1: 7.0.3
[05:42:38] [main/INFO] - terraform-shapes-api-v1: 7.0.3
[05:42:38] [main/INFO] - terraform-surfaces-api-v1: 7.0.3
[05:42:38] [main/INFO] - terraform-tree-api-v1: 7.0.3
[05:42:38] [main/INFO] - terraform-wood-api-v1: 7.0.3
[05:42:38] [main/INFO] - terralith: 2.5.4
[05:42:38] [main/INFO] - terrestria: 6.0.13
[05:42:38] [main/INFO] - terrestria-common: 6.0.13
[05:42:38] [main/INFO] - terrestria-worldgen: 6.0.13
[05:42:38] [main/INFO] - toolstats: 16.0.9
[05:42:38] [main/INFO] - travelersbackpack: 9.1.37
[05:42:38] [main/INFO] - traverse: 7.0.12
[05:42:38] [main/INFO] - traverse-common: 7.0.12
[05:42:38] [main/INFO] - traverse-worldgen: 7.0.12
[05:42:38] [main/INFO] - trinkets: 3.7.2
[05:42:38] [main/INFO] - universal-graves: 3.0.3+1.20.1
[05:42:38] [main/INFO] - villagernames: 8.2
[05:42:38] [main/INFO] - villagersplus: 3.1
[05:42:38] [main/INFO] - villagesandpillages: 1.0.2
[05:42:38] [main/INFO] - visualworkbench: 8.0.0
[05:42:38] [main/INFO] - watching: 1.9.2
[05:42:38] [main/INFO] - waveycapes: 1.5.2
[05:42:38] [main/INFO] - waystones: 14.1.13
[05:42:38] [main/INFO] - wizards: 1.4.1+1.20.1
[05:42:38] [main/INFO] - wunderlib: 1.1.5
[05:42:38] [main/INFO] - yet_another_config_lib_v3: 3.6.6+1.20.1-fabric
[05:42:38] [main/INFO] - yungsapi: 1.20-Fabric-4.0.6
[05:42:38] [main/INFO] - yungsbridges: 1.20-Fabric-4.0.3
[05:42:38] [main/INFO] - yungscavebiomes: 1.20.1-Fabric-2.0.5
[05:42:38] [main/INFO] - yungsextras: 1.20-Fabric-4.0.3
[05:42:38] [main/INFO] - yungsmenutweaks: 1.20.1-Fabric-1.0.2
[05:42:38] [main/INFO] ========================================
[05:42:38] [main/INFO] [REI] Registered plugin provider DefaultPlugin [roughlyenoughitems] for REIPlugin
[05:42:38] [main/INFO] [REI] Registered plugin provider DefaultRuntimePlugin [roughlyenoughitems] for REIPlugin
[05:42:38] [main/INFO] [REI] Registered plugin provider DefaultPlugin [roughlyenoughitems] for REIServerPlugin
[05:42:38] [main/INFO] [REI] Registered plugin provider DefaultRuntimePlugin [roughlyenoughitems] for REIServerPlugin
[05:42:38] [main/INFO] [REI] Registered plugin provider FabricFluidAPISupportPlugin for REIServerPlugin
[05:42:38] [main/INFO] [REI] Registered plugin provider FabricFluidAPISupportPlugin for REIPlugin
[05:42:56] [Worker-Main-2/DEBUG] [REI] Processed 7 tags in 963.2 μs for minecraft:banner_pattern
[05:42:56] [Worker-Main-3/DEBUG] [REI] Processed 0 tags in 7.544 μs for moonlight:soft_fluids
[05:42:56] [Worker-Main-1/DEBUG] [REI] Processed 0 tags in 4.900 μs for minecraft:worldgen/processor_list
[05:42:56] [Worker-Main-2/DEBUG] [REI] Processed 0 tags in 28.47 μs for minecraft:dimension_type
[05:42:56] [Worker-Main-2/DEBUG] [REI] Processed 0 tags in 18.98 μs for minecraft:worldgen/world_preset
[05:42:56] [Worker-Main-1/DEBUG] [REI] Processed 0 tags in 11.40 μs for minecraft:damage_type
[05:42:56] [Worker-Main-2/DEBUG] [REI] Processed 0 tags in 8.486 μs for minecraft:worldgen/structure_set
[05:42:56] [Worker-Main-1/DEBUG] [REI] Processed 7 tags in 119.5 μs for minecraft:game_event
[05:42:56] [Worker-Main-1/DEBUG] [REI] Processed 4 tags in 27.12 μs for minecraft:instrument
[05:42:56] [Worker-Main-3/DEBUG] [REI] Processed 2 tags in 94.27 μs for minecraft:painting_variant
[05:42:56] [Worker-Main-1/DEBUG] [REI] Processed 0 tags in 319.0 μs for minecraft:worldgen/biome
[05:42:56] [Worker-Main-3/DEBUG] [REI] Processed 735 tags in 11.83 ms for minecraft:item
[05:42:56] [Worker-Main-3/DEBUG] [REI] Processed 0 tags in 37.91 μs for minecraft:worldgen/structure
[05:42:56] [Worker-Main-1/DEBUG] [REI] Processed 0 tags in 8.456 μs for minecraft:worldgen/flat_level_generator_preset
[05:42:56] [Worker-Main-3/DEBUG] [REI] Processed 3 tags in 27.20 μs for minecraft:point_of_interest_type
[05:42:56] [Worker-Main-1/DEBUG] [REI] Processed 2 tags in 29.32 μs for minecraft:mob_effect
[05:42:56] [Worker-Main-1/DEBUG] [REI] Processed 8 tags in 25.29 μs for minecraft:fluid
[05:42:56] [Worker-Main-3/DEBUG] [REI] Processed 2 tags in 15.17 μs for minecraft:cat_variant
[05:42:56] [Worker-Main-3/DEBUG] [REI] Processed 8 tags in 49.32 μs for minecraft:enchantment
[05:42:56] [Worker-Main-1/DEBUG] [REI] Processed 100 tags in 1.035 ms for minecraft:entity_type
[05:42:56] [Worker-Main-2/DEBUG] [REI] Processed 876 tags in 44.45 ms for minecraft:block
[05:43:08] [main/DEBUG] [REI] Starting Reload Plugins of stage null
java.lang.Throwable
	at knot//me.shedaniel.rei.impl.common.plugins.ReloadManagerImpl.reloadPlugins(ReloadManagerImpl.java:110)
	at knot//me.shedaniel.rei.RoughlyEnoughItemsCore.lambda$onInitialize$5(RoughlyEnoughItemsCore.java:163)
	at java.base/java.util.concurrent.CompletableFuture$UniRun.tryFire(CompletableFuture.java:787)
	at java.base/java.util.concurrent.CompletableFuture$Completion.run(CompletableFuture.java:482)
	at knot//net.minecraft.class_4014.method_18365(class_4014.java:69)
	at knot//net.minecraft.class_156.method_43498(class_156.java:950)
	at knot//net.minecraft.class_156.method_43499(class_156.java:938)
	at knot//net.minecraft.server.Main.main(Main.java:160)
	at net.fabricmc.loader.impl.game.minecraft.MinecraftGameProvider.launch(MinecraftGameProvider.java:480)
	at net.fabricmc.loader.impl.launch.knot.Knot.launch(Knot.java:74)
	at net.fabricmc.loader.impl.launch.knot.KnotServer.main(KnotServer.java:23)
	at net.fabricmc.loader.impl.launch.server.FabricServerLauncher.main(FabricServerLauncher.java:69)
	at net.fabricmc.installer.ServerLauncher.main(ServerLauncher.java:69)
[05:43:08] [main/DEBUG] [REI] ========================================
[05:43:08] [main/DEBUG] [REI] REIPlugin starting pre-reload for START.
[05:43:08] [main/DEBUG] [REI] Reloadables (7):
[05:43:08] [main/DEBUG] [REI]  - EntryTypeRegistryImpl
[05:43:08] [main/DEBUG] [REI]  - EntrySettingsAdapterRegistryImpl
[05:43:08] [main/DEBUG] [REI]  - RecipeManagerContextImpl
[05:43:08] [main/DEBUG] [REI]  - ItemComparatorRegistryImpl
[05:43:08] [main/DEBUG] [REI]  - FluidComparatorRegistryImpl
[05:43:08] [main/DEBUG] [REI]  - DisplaySerializerRegistryImpl
[05:43:08] [main/DEBUG] [REI]  - FluidSupportProviderImpl
[05:43:08] [main/DEBUG] [REI] Plugins (3):
[05:43:08] [main/DEBUG] [REI]  - (-100.00) DefaultPlugin of DefaultPlugin [roughlyenoughitems]
[05:43:08] [main/DEBUG] [REI]  - (0.00) FabricFluidAPISupportPlugin
[05:43:08] [main/DEBUG] [REI]  - (0.00) DefaultRuntimePlugin of DefaultRuntimePlugin [roughlyenoughitems]
[05:43:08] [main/DEBUG] [REI] ========================================
[05:43:08] [main/TRACE] [REI] [REIPlugin START] Reloading Section: "pre-register/"
[05:43:08] [main/TRACE] [REI] [REIPlugin START] Reloading Section: "pre-register/DefaultPlugin of DefaultPlugin [roughlyenoughitems]/"
[05:43:08] [main/TRACE] [REI] [REIPlugin START] Reloading Section: "pre-register/DefaultPlugin of DefaultPlugin [roughlyenoughitems]/" done in 1.402 ms
[05:43:08] [main/TRACE] [REI] [REIPlugin START] Reloading Section: "pre-register/FabricFluidAPISupportPlugin/"
[05:43:08] [main/TRACE] [REI] [REIPlugin START] Reloading Section: "pre-register/FabricFluidAPISupportPlugin/" done in 45.59 μs
[05:43:08] [main/TRACE] [REI] [REIPlugin START] Reloading Section: "pre-register/DefaultRuntimePlugin of DefaultRuntimePlugin [roughlyenoughitems]/"
[05:43:08] [main/TRACE] [REI] [REIPlugin START] Reloading Section: "pre-register/DefaultRuntimePlugin of DefaultRuntimePlugin [roughlyenoughitems]/" done in 36.92 μs
[05:43:08] [main/TRACE] [REI] [REIPlugin START] Reloading Section: "pre-register/" done in 17.55 ms
[05:43:08] [main/TRACE] [REI] [REIPlugin START] Reloading Section: "pre-stage/"
[05:43:08] [main/TRACE] [REI] [REIPlugin START] Reloading Section: "pre-stage/EntryTypeRegistryImpl/"
[05:43:08] [main/TRACE] [REI] [REIPlugin START] Reloading Section: "pre-stage/EntryTypeRegistryImpl/" done in 230.1 μs
[05:43:08] [main/TRACE] [REI] [REIPlugin START] Reloading Section: "pre-stage/EntrySettingsAdapterRegistryImpl/"
[05:43:08] [main/TRACE] [REI] [REIPlugin START] Reloading Section: "pre-stage/EntrySettingsAdapterRegistryImpl/" done in 44.44 μs
[05:43:08] [main/TRACE] [REI] [REIPlugin START] Reloading Section: "pre-stage/RecipeManagerContextImpl/"
[05:43:08] [main/TRACE] [REI] [REIPlugin START] Reloading Section: "pre-stage/RecipeManagerContextImpl/" done in 41.14 μs
[05:43:08] [main/TRACE] [REI] [REIPlugin START] Reloading Section: "pre-stage/ItemComparatorRegistryImpl/"
[05:43:08] [main/TRACE] [REI] [REIPlugin START] Reloading Section: "pre-stage/ItemComparatorRegistryImpl/" done in 41.64 μs
[05:43:08] [main/TRACE] [REI] [REIPlugin START] Reloading Section: "pre-stage/FluidComparatorRegistryImpl/"
[05:43:08] [main/TRACE] [REI] [REIPlugin START] Reloading Section: "pre-stage/FluidComparatorRegistryImpl/" done in 40.67 μs
[05:43:08] [main/TRACE] [REI] [REIPlugin START] Reloading Section: "pre-stage/DisplaySerializerRegistryImpl/"
[05:43:08] [main/TRACE] [REI] [REIPlugin START] Reloading Section: "pre-stage/DisplaySerializerRegistryImpl/" done in 65.79 μs
[05:43:08] [main/TRACE] [REI] [REIPlugin START] Reloading Section: "pre-stage/FluidSupportProviderImpl/"
[05:43:08] [main/TRACE] [REI] [REIPlugin START] Reloading Section: "pre-stage/FluidSupportProviderImpl/" done in 59.54 μs
[05:43:08] [main/TRACE] [REI] [REIPlugin START] Reloading Section: "pre-stage/" done in 1.232 ms
[05:43:08] [main/DEBUG] [REI] ========================================
[05:43:08] [main/DEBUG] [REI] REIPlugin finished pre-reload for START in 19.69 ms.
[05:43:08] [main/DEBUG] [REI] ========================================
[05:43:08] [main/DEBUG] [REI] ========================================
[05:43:08] [main/DEBUG] [REI] REIServerPlugin starting pre-reload for START.
[05:43:08] [main/DEBUG] [REI] Reloadables (2):
[05:43:08] [main/DEBUG] [REI]  - MenuInfoRegistryImpl
[05:43:08] [main/DEBUG] [REI]  - SlotAccessorRegistryImpl
[05:43:08] [main/DEBUG] [REI] Plugins (3):
[05:43:08] [main/DEBUG] [REI]  - (-100.00) DefaultPlugin of DefaultPlugin [roughlyenoughitems]
[05:43:08] [main/DEBUG] [REI]  - (0.00) FabricFluidAPISupportPlugin
[05:43:08] [main/DEBUG] [REI]  - (0.00) DefaultRuntimePlugin of DefaultRuntimePlugin [roughlyenoughitems]
[05:43:08] [main/DEBUG] [REI] ========================================
[05:43:08] [main/TRACE] [REI] [REIServerPlugin START] Reloading Section: "pre-register/"
[05:43:08] [main/TRACE] [REI] [REIServerPlugin START] Reloading Section: "pre-register/DefaultPlugin of DefaultPlugin [roughlyenoughitems]/"
[05:43:08] [main/TRACE] [REI] [REIServerPlugin START] Reloading Section: "pre-register/DefaultPlugin of DefaultPlugin [roughlyenoughitems]/" done in 43.51 μs
[05:43:08] [main/TRACE] [REI] [REIServerPlugin START] Reloading Section: "pre-register/FabricFluidAPISupportPlugin/"
[05:43:08] [main/TRACE] [REI] [REIServerPlugin START] Reloading Section: "pre-register/FabricFluidAPISupportPlugin/" done in 50.69 μs
[05:43:08] [main/TRACE] [REI] [REIServerPlugin START] Reloading Section: "pre-register/DefaultRuntimePlugin of DefaultRuntimePlugin [roughlyenoughitems]/"
[05:43:08] [main/TRACE] [REI] [REIServerPlugin START] Reloading Section: "pre-register/DefaultRuntimePlugin of DefaultRuntimePlugin [roughlyenoughitems]/" done in 46.46 μs
[05:43:08] [main/TRACE] [REI] [REIServerPlugin START] Reloading Section: "pre-register/" done in 397.0 μs
[05:43:08] [main/TRACE] [REI] [REIServerPlugin START] Reloading Section: "pre-stage/"
[05:43:08] [main/TRACE] [REI] [REIServerPlugin START] Reloading Section: "pre-stage/MenuInfoRegistryImpl/"
[05:43:08] [main/TRACE] [REI] [REIServerPlugin START] Reloading Section: "pre-stage/MenuInfoRegistryImpl/" done in 46.54 μs
[05:43:08] [main/TRACE] [REI] [REIServerPlugin START] Reloading Section: "pre-stage/SlotAccessorRegistryImpl/"
[05:43:08] [main/TRACE] [REI] [REIServerPlugin START] Reloading Section: "pre-stage/SlotAccessorRegistryImpl/" done in 39.93 μs
[05:43:08] [main/TRACE] [REI] [REIServerPlugin START] Reloading Section: "pre-stage/" done in 452.9 μs
[05:43:08] [main/DEBUG] [REI] ========================================
[05:43:08] [main/DEBUG] [REI] REIServerPlugin finished pre-reload for START in 999.2 μs.
[05:43:08] [main/DEBUG] [REI] ========================================
[05:43:08] [main/INFO] [REI] @@@@@@@@@@@@@@@@@@@@@@@@@@@@@@@@@@@@@@@@
[05:43:08] [main/INFO] [REI] REIPlugin starting main-reload for START.
[05:43:08] [main/DEBUG] [REI] Reloadables (7):
[05:43:08] [main/DEBUG] [REI]  - EntryTypeRegistryImpl
[05:43:08] [main/DEBUG] [REI]  - EntrySettingsAdapterRegistryImpl
[05:43:08] [main/DEBUG] [REI]  - RecipeManagerContextImpl
[05:43:08] [main/DEBUG] [REI]  - ItemComparatorRegistryImpl
[05:43:08] [main/DEBUG] [REI]  - FluidComparatorRegistryImpl
[05:43:08] [main/DEBUG] [REI]  - DisplaySerializerRegistryImpl
[05:43:08] [main/DEBUG] [REI]  - FluidSupportProviderImpl
[05:43:08] [main/INFO] [REI] Plugins (3):
[05:43:08] [main/INFO] [REI]  - (-100.00) DefaultPlugin of DefaultPlugin [roughlyenoughitems]
[05:43:08] [main/INFO] [REI]  - (0.00) FabricFluidAPISupportPlugin
[05:43:08] [main/INFO] [REI]  - (0.00) DefaultRuntimePlugin of DefaultRuntimePlugin [roughlyenoughitems]
[05:43:08] [main/INFO] [REI] @@@@@@@@@@@@@@@@@@@@@@@@@@@@@@@@@@@@@@@@
[05:43:08] [main/TRACE] [REI] [REIPlugin START] Reloading Section: "start-reload/"
[05:43:08] [main/TRACE] [REI] [REIPlugin START] Reloading Section: "start-reload/EntryTypeRegistryImpl/"
[05:43:08] [main/TRACE] [REI] [REIPlugin START] Reloading Section: "start-reload/EntryTypeRegistryImpl/" done in 104.9 μs
[05:43:08] [main/TRACE] [REI] [REIPlugin START] Reloading Section: "start-reload/EntrySettingsAdapterRegistryImpl/"
[05:43:08] [main/TRACE] [REI] [REIPlugin START] Reloading Section: "start-reload/EntrySettingsAdapterRegistryImpl/" done in 45.12 μs
[05:43:08] [main/TRACE] [REI] [REIPlugin START] Reloading Section: "start-reload/RecipeManagerContextImpl/"
[05:43:08] [main/TRACE] [REI] [REIPlugin START] Reloading Section: "start-reload/RecipeManagerContextImpl/" done in 47.18 μs
[05:43:08] [main/TRACE] [REI] [REIPlugin START] Reloading Section: "start-reload/ItemComparatorRegistryImpl/"
[05:43:08] [main/TRACE] [REI] [REIPlugin START] Reloading Section: "start-reload/ItemComparatorRegistryImpl/" done in 68.02 μs
[05:43:08] [main/TRACE] [REI] [REIPlugin START] Reloading Section: "start-reload/FluidComparatorRegistryImpl/"
[05:43:08] [main/TRACE] [REI] [REIPlugin START] Reloading Section: "start-reload/FluidComparatorRegistryImpl/" done in 72.13 μs
[05:43:08] [main/TRACE] [REI] [REIPlugin START] Reloading Section: "start-reload/DisplaySerializerRegistryImpl/"
[05:43:08] [main/TRACE] [REI] [REIPlugin START] Reloading Section: "start-reload/DisplaySerializerRegistryImpl/" done in 46.45 μs
[05:43:08] [main/TRACE] [REI] [REIPlugin START] Reloading Section: "start-reload/FluidSupportProviderImpl/"
[05:43:08] [main/TRACE] [REI] [REIPlugin START] Reloading Section: "start-reload/FluidSupportProviderImpl/" done in 57.63 μs
[05:43:08] [main/TRACE] [REI] [REIPlugin START] Reloading Section: "start-reload/" done in 1.748 ms
[05:43:08] [main/DEBUG] [REI] ========================================
[05:43:08] [main/DEBUG] [REI] REIPlugin started main-reload for START.
[05:43:08] [main/DEBUG] [REI] ========================================
[05:43:08] [main/TRACE] [REI] [REIPlugin START] Reloading Section: "reloadable-plugin/EntryTypeRegistryImpl/"
[05:43:08] [main/TRACE] [REI] [REIPlugin START] Reloading Section: "reloadable-plugin/EntryTypeRegistryImpl/DefaultPlugin of DefaultPlugin [roughlyenoughitems]/"
[05:43:08] [main/TRACE] [REI] [REIPlugin START] Reloading Section: "reloadable-plugin/EntryTypeRegistryImpl/DefaultPlugin of DefaultPlugin [roughlyenoughitems]/" done in 257.8 μs
[05:43:08] [main/TRACE] [REI] [REIPlugin START] Reloading Section: "reloadable-plugin/EntryTypeRegistryImpl/FabricFluidAPISupportPlugin/"
[05:43:08] [main/TRACE] [REI] [REIPlugin START] Reloading Section: "reloadable-plugin/EntryTypeRegistryImpl/FabricFluidAPISupportPlugin/" done in 76.12 μs
[05:43:08] [main/TRACE] [REI] [REIPlugin START] Reloading Section: "reloadable-plugin/EntryTypeRegistryImpl/DefaultRuntimePlugin of DefaultRuntimePlugin [roughlyenoughitems]/"
[05:43:08] [main/TRACE] [REI] [REIPlugin START] Reloading Section: "reloadable-plugin/EntryTypeRegistryImpl/DefaultRuntimePlugin of DefaultRuntimePlugin [roughlyenoughitems]/" done in 19.53 ms
[05:43:08] [main/TRACE] [REI] [REIPlugin START] Reloading Section: "reloadable-plugin/EntryTypeRegistryImpl/" done in 21.03 ms
[05:43:08] [main/TRACE] [REI] [REIPlugin START] Reloading Section: "reloadable-plugin/EntrySettingsAdapterRegistryImpl/"
[05:43:08] [main/TRACE] [REI] [REIPlugin START] Reloading Section: "reloadable-plugin/EntrySettingsAdapterRegistryImpl/DefaultPlugin of DefaultPlugin [roughlyenoughitems]/"
[05:43:08] [main/TRACE] [REI] [REIPlugin START] Reloading Section: "reloadable-plugin/EntrySettingsAdapterRegistryImpl/DefaultPlugin of DefaultPlugin [roughlyenoughitems]/" done in 58.99 μs
[05:43:08] [main/TRACE] [REI] [REIPlugin START] Reloading Section: "reloadable-plugin/EntrySettingsAdapterRegistryImpl/FabricFluidAPISupportPlugin/"
[05:43:08] [main/TRACE] [REI] [REIPlugin START] Reloading Section: "reloadable-plugin/EntrySettingsAdapterRegistryImpl/FabricFluidAPISupportPlugin/" done in 50.22 μs
[05:43:08] [main/TRACE] [REI] [REIPlugin START] Reloading Section: "reloadable-plugin/EntrySettingsAdapterRegistryImpl/DefaultRuntimePlugin of DefaultRuntimePlugin [roughlyenoughitems]/"
[05:43:08] [main/TRACE] [REI] [REIPlugin START] Reloading Section: "reloadable-plugin/EntrySettingsAdapterRegistryImpl/DefaultRuntimePlugin of DefaultRuntimePlugin [roughlyenoughitems]/" done in 47.50 μs
[05:43:08] [main/TRACE] [REI] [REIPlugin START] Reloading Section: "reloadable-plugin/EntrySettingsAdapterRegistryImpl/" done in 561.4 μs
[05:43:08] [main/TRACE] [REI] [REIPlugin START] Reloading Section: "reloadable-plugin/RecipeManagerContextImpl/"
[05:43:08] [main/TRACE] [REI] [REIPlugin START] Reloading Section: "reloadable-plugin/RecipeManagerContextImpl/DefaultPlugin of DefaultPlugin [roughlyenoughitems]/"
[05:43:08] [main/TRACE] [REI] [REIPlugin START] Reloading Section: "reloadable-plugin/RecipeManagerContextImpl/DefaultPlugin of DefaultPlugin [roughlyenoughitems]/" done in 42.08 μs
[05:43:08] [main/TRACE] [REI] [REIPlugin START] Reloading Section: "reloadable-plugin/RecipeManagerContextImpl/FabricFluidAPISupportPlugin/"
[05:43:08] [main/TRACE] [REI] [REIPlugin START] Reloading Section: "reloadable-plugin/RecipeManagerContextImpl/FabricFluidAPISupportPlugin/" done in 50.52 μs
[05:43:08] [main/TRACE] [REI] [REIPlugin START] Reloading Section: "reloadable-plugin/RecipeManagerContextImpl/DefaultRuntimePlugin of DefaultRuntimePlugin [roughlyenoughitems]/"
[05:43:08] [main/TRACE] [REI] [REIPlugin START] Reloading Section: "reloadable-plugin/RecipeManagerContextImpl/DefaultRuntimePlugin of DefaultRuntimePlugin [roughlyenoughitems]/" done in 48.37 μs
[05:43:08] [main/TRACE] [REI] [REIPlugin START] Reloading Section: "reloadable-plugin/RecipeManagerContextImpl/" done in 500.9 μs
[05:43:08] [main/TRACE] [REI] [REIPlugin START] Reloading Section: "reloadable-plugin/ItemComparatorRegistryImpl/"
[05:43:08] [main/TRACE] [REI] [REIPlugin START] Reloading Section: "reloadable-plugin/ItemComparatorRegistryImpl/DefaultPlugin of DefaultPlugin [roughlyenoughitems]/"
[05:43:08] [main/TRACE] [REI] [REIPlugin START] Reloading Section: "reloadable-plugin/ItemComparatorRegistryImpl/DefaultPlugin of DefaultPlugin [roughlyenoughitems]/" done in 1.010 ms
[05:43:08] [main/TRACE] [REI] [REIPlugin START] Reloading Section: "reloadable-plugin/ItemComparatorRegistryImpl/FabricFluidAPISupportPlugin/"
[05:43:08] [main/TRACE] [REI] [REIPlugin START] Reloading Section: "reloadable-plugin/ItemComparatorRegistryImpl/FabricFluidAPISupportPlugin/" done in 77.69 μs
[05:43:08] [main/TRACE] [REI] [REIPlugin START] Reloading Section: "reloadable-plugin/ItemComparatorRegistryImpl/DefaultRuntimePlugin of DefaultRuntimePlugin [roughlyenoughitems]/"
[05:43:08] [main/TRACE] [REI] [REIPlugin START] Reloading Section: "reloadable-plugin/ItemComparatorRegistryImpl/DefaultRuntimePlugin of DefaultRuntimePlugin [roughlyenoughitems]/" done in 43.30 μs
[05:43:08] [main/TRACE] [REI] [REIPlugin START] Reloading Section: "reloadable-plugin/ItemComparatorRegistryImpl/" done in 1.430 ms
[05:43:08] [main/TRACE] [REI] [REIPlugin START] Reloading Section: "reloadable-plugin/FluidComparatorRegistryImpl/"
[05:43:08] [main/TRACE] [REI] [REIPlugin START] Reloading Section: "reloadable-plugin/FluidComparatorRegistryImpl/DefaultPlugin of DefaultPlugin [roughlyenoughitems]/"
[05:43:08] [main/TRACE] [REI] [REIPlugin START] Reloading Section: "reloadable-plugin/FluidComparatorRegistryImpl/DefaultPlugin of DefaultPlugin [roughlyenoughitems]/" done in 68.74 μs
[05:43:08] [main/TRACE] [REI] [REIPlugin START] Reloading Section: "reloadable-plugin/FluidComparatorRegistryImpl/FabricFluidAPISupportPlugin/"
[05:43:08] [main/TRACE] [REI] [REIPlugin START] Reloading Section: "reloadable-plugin/FluidComparatorRegistryImpl/FabricFluidAPISupportPlugin/" done in 46.60 μs
[05:43:08] [main/TRACE] [REI] [REIPlugin START] Reloading Section: "reloadable-plugin/FluidComparatorRegistryImpl/DefaultRuntimePlugin of DefaultRuntimePlugin [roughlyenoughitems]/"
[05:43:08] [main/TRACE] [REI] [REIPlugin START] Reloading Section: "reloadable-plugin/FluidComparatorRegistryImpl/DefaultRuntimePlugin of DefaultRuntimePlugin [roughlyenoughitems]/" done in 44.16 μs
[05:43:08] [main/TRACE] [REI] [REIPlugin START] Reloading Section: "reloadable-plugin/FluidComparatorRegistryImpl/" done in 450.7 μs
[05:43:08] [main/TRACE] [REI] [REIPlugin START] Reloading Section: "reloadable-plugin/DisplaySerializerRegistryImpl/"
[05:43:08] [main/TRACE] [REI] [REIPlugin START] Reloading Section: "reloadable-plugin/DisplaySerializerRegistryImpl/DefaultPlugin of DefaultPlugin [roughlyenoughitems]/"
[05:43:08] [main/TRACE] [REI] [REIPlugin START] Reloading Section: "reloadable-plugin/DisplaySerializerRegistryImpl/DefaultPlugin of DefaultPlugin [roughlyenoughitems]/" done in 35.58 μs
[05:43:08] [main/TRACE] [REI] [REIPlugin START] Reloading Section: "reloadable-plugin/DisplaySerializerRegistryImpl/FabricFluidAPISupportPlugin/"
[05:43:08] [main/TRACE] [REI] [REIPlugin START] Reloading Section: "reloadable-plugin/DisplaySerializerRegistryImpl/FabricFluidAPISupportPlugin/" done in 31.33 μs
[05:43:08] [main/TRACE] [REI] [REIPlugin START] Reloading Section: "reloadable-plugin/DisplaySerializerRegistryImpl/DefaultRuntimePlugin of DefaultRuntimePlugin [roughlyenoughitems]/"
[05:43:08] [main/TRACE] [REI] [REIPlugin START] Reloading Section: "reloadable-plugin/DisplaySerializerRegistryImpl/DefaultRuntimePlugin of DefaultRuntimePlugin [roughlyenoughitems]/" done in 27.81 μs
[05:43:08] [main/TRACE] [REI] [REIPlugin START] Reloading Section: "reloadable-plugin/DisplaySerializerRegistryImpl/" done in 306.7 μs
[05:43:08] [main/TRACE] [REI] [REIPlugin START] Reloading Section: "reloadable-plugin/FluidSupportProviderImpl/"
[05:43:08] [main/TRACE] [REI] [REIPlugin START] Reloading Section: "reloadable-plugin/FluidSupportProviderImpl/DefaultPlugin of DefaultPlugin [roughlyenoughitems]/"
[05:43:08] [main/TRACE] [REI] [REIPlugin START] Reloading Section: "reloadable-plugin/FluidSupportProviderImpl/DefaultPlugin of DefaultPlugin [roughlyenoughitems]/" done in 490.4 μs
[05:43:08] [main/TRACE] [REI] [REIPlugin START] Reloading Section: "reloadable-plugin/FluidSupportProviderImpl/FabricFluidAPISupportPlugin/"
[05:43:08] [main/TRACE] [REI] [REIPlugin START] Reloading Section: "reloadable-plugin/FluidSupportProviderImpl/FabricFluidAPISupportPlugin/" done in 162.3 μs
[05:43:08] [main/TRACE] [REI] [REIPlugin START] Reloading Section: "reloadable-plugin/FluidSupportProviderImpl/DefaultRuntimePlugin of DefaultRuntimePlugin [roughlyenoughitems]/"
[05:43:08] [main/TRACE] [REI] [REIPlugin START] Reloading Section: "reloadable-plugin/FluidSupportProviderImpl/DefaultRuntimePlugin of DefaultRuntimePlugin [roughlyenoughitems]/" done in 32.74 μs
[05:43:08] [main/TRACE] [REI] [REIPlugin START] Reloading Section: "reloadable-plugin/FluidSupportProviderImpl/" done in 929.4 μs
[05:43:08] [main/DEBUG] [REI] ========================================
[05:43:08] [main/DEBUG] [REI] REIPlugin ending main-reload for START.
[05:43:08] [main/DEBUG] [REI] ========================================
[05:43:08] [main/TRACE] [REI] [REIPlugin START] Reloading Section: "end-reload/"
[05:43:08] [main/TRACE] [REI] [REIPlugin START] Reloading Section: "end-reload/EntryTypeRegistryImpl/"
[05:43:08] [main/TRACE] [REI] [REIPlugin START] Reloading Section: "end-reload/EntryTypeRegistryImpl/" done in 38.67 μs
[05:43:08] [main/TRACE] [REI] [REIPlugin START] Reloading Section: "end-reload/EntrySettingsAdapterRegistryImpl/"
[05:43:08] [main/TRACE] [REI] [REIPlugin START] Reloading Section: "end-reload/EntrySettingsAdapterRegistryImpl/" done in 25.98 μs
[05:43:08] [main/TRACE] [REI] [REIPlugin START] Reloading Section: "end-reload/RecipeManagerContextImpl/"
[05:43:08] [main/TRACE] [REI] [REIPlugin START] Reloading Section: "end-reload/RecipeManagerContextImpl/" done in 27.22 μs
[05:43:08] [main/TRACE] [REI] [REIPlugin START] Reloading Section: "end-reload/ItemComparatorRegistryImpl/"
[05:43:08] [main/TRACE] [REI] [REIPlugin START] Reloading Section: "end-reload/ItemComparatorRegistryImpl/" done in 26.34 μs
[05:43:08] [main/TRACE] [REI] [REIPlugin START] Reloading Section: "end-reload/FluidComparatorRegistryImpl/"
[05:43:08] [main/TRACE] [REI] [REIPlugin START] Reloading Section: "end-reload/FluidComparatorRegistryImpl/" done in 23.92 μs
[05:43:08] [main/TRACE] [REI] [REIPlugin START] Reloading Section: "end-reload/DisplaySerializerRegistryImpl/"
[05:43:08] [main/TRACE] [REI] [REIPlugin START] Reloading Section: "end-reload/DisplaySerializerRegistryImpl/" done in 28.02 μs
[05:43:08] [main/TRACE] [REI] [REIPlugin START] Reloading Section: "end-reload/FluidSupportProviderImpl/"
[05:43:08] [main/TRACE] [REI] [REIPlugin START] Reloading Section: "end-reload/FluidSupportProviderImpl/" done in 29.83 μs
[05:43:08] [main/TRACE] [REI] [REIPlugin START] Reloading Section: "end-reload/" done in 685.9 μs
[05:43:08] [main/DEBUG] [REI] ========================================
[05:43:08] [main/DEBUG] [REI] REIPlugin ended main-reload for START in 30.23 ms.
[05:43:08] [main/DEBUG] [REI] ========================================
[05:43:08] [main/INFO] [REI] OOOOOOOOOOOOOOOOOOOOOOOOOOOOOOOOOOOOOOOO
[05:43:08] [main/INFO] [REI] REIServerPlugin starting main-reload for START.
[05:43:08] [main/DEBUG] [REI] Reloadables (2):
[05:43:08] [main/DEBUG] [REI]  - MenuInfoRegistryImpl
[05:43:08] [main/DEBUG] [REI]  - SlotAccessorRegistryImpl
[05:43:08] [main/INFO] [REI] Plugins (3):
[05:43:08] [main/INFO] [REI]  - (-100.00) DefaultPlugin of DefaultPlugin [roughlyenoughitems]
[05:43:08] [main/INFO] [REI]  - (0.00) FabricFluidAPISupportPlugin
[05:43:08] [main/INFO] [REI]  - (0.00) DefaultRuntimePlugin of DefaultRuntimePlugin [roughlyenoughitems]
[05:43:08] [main/INFO] [REI] OOOOOOOOOOOOOOOOOOOOOOOOOOOOOOOOOOOOOOOO
[05:43:08] [main/TRACE] [REI] [REIServerPlugin START] Reloading Section: "start-reload/"
[05:43:08] [main/TRACE] [REI] [REIServerPlugin START] Reloading Section: "start-reload/MenuInfoRegistryImpl/"
[05:43:08] [main/TRACE] [REI] [REIServerPlugin START] Reloading Section: "start-reload/MenuInfoRegistryImpl/" done in 52.47 μs
[05:43:08] [main/TRACE] [REI] [REIServerPlugin START] Reloading Section: "start-reload/SlotAccessorRegistryImpl/"
[05:43:08] [main/TRACE] [REI] [REIServerPlugin START] Reloading Section: "start-reload/SlotAccessorRegistryImpl/" done in 25.80 μs
[05:43:08] [main/TRACE] [REI] [REIServerPlugin START] Reloading Section: "start-reload/" done in 240.2 μs
[05:43:08] [main/DEBUG] [REI] ========================================
[05:43:08] [main/DEBUG] [REI] REIServerPlugin started main-reload for START.
[05:43:08] [main/DEBUG] [REI] ========================================
[05:43:08] [main/TRACE] [REI] [REIServerPlugin START] Reloading Section: "reloadable-plugin/MenuInfoRegistryImpl/"
[05:43:08] [main/TRACE] [REI] [REIServerPlugin START] Reloading Section: "reloadable-plugin/MenuInfoRegistryImpl/DefaultPlugin of DefaultPlugin [roughlyenoughitems]/"
[05:43:08] [main/TRACE] [REI] [REIServerPlugin START] Reloading Section: "reloadable-plugin/MenuInfoRegistryImpl/DefaultPlugin of DefaultPlugin [roughlyenoughitems]/" done in 45.20 μs
[05:43:08] [main/TRACE] [REI] [REIServerPlugin START] Reloading Section: "reloadable-plugin/MenuInfoRegistryImpl/FabricFluidAPISupportPlugin/"
[05:43:08] [main/TRACE] [REI] [REIServerPlugin START] Reloading Section: "reloadable-plugin/MenuInfoRegistryImpl/FabricFluidAPISupportPlugin/" done in 27.60 μs
[05:43:08] [main/TRACE] [REI] [REIServerPlugin START] Reloading Section: "reloadable-plugin/MenuInfoRegistryImpl/DefaultRuntimePlugin of DefaultRuntimePlugin [roughlyenoughitems]/"
[05:43:08] [main/TRACE] [REI] [REIServerPlugin START] Reloading Section: "reloadable-plugin/MenuInfoRegistryImpl/DefaultRuntimePlugin of DefaultRuntimePlugin [roughlyenoughitems]/" done in 25.95 μs
[05:43:08] [main/TRACE] [REI] [REIServerPlugin START] Reloading Section: "reloadable-plugin/MenuInfoRegistryImpl/" done in 332.9 μs
[05:43:08] [main/TRACE] [REI] [REIServerPlugin START] Reloading Section: "reloadable-plugin/SlotAccessorRegistryImpl/"
[05:43:08] [main/TRACE] [REI] [REIServerPlugin START] Reloading Section: "reloadable-plugin/SlotAccessorRegistryImpl/DefaultPlugin of DefaultPlugin [roughlyenoughitems]/"
[05:43:08] [main/TRACE] [REI] [REIServerPlugin START] Reloading Section: "reloadable-plugin/SlotAccessorRegistryImpl/DefaultPlugin of DefaultPlugin [roughlyenoughitems]/" done in 37.85 μs
[05:43:08] [main/TRACE] [REI] [REIServerPlugin START] Reloading Section: "reloadable-plugin/SlotAccessorRegistryImpl/FabricFluidAPISupportPlugin/"
[05:43:08] [main/TRACE] [REI] [REIServerPlugin START] Reloading Section: "reloadable-plugin/SlotAccessorRegistryImpl/FabricFluidAPISupportPlugin/" done in 55.81 μs
[05:43:08] [main/TRACE] [REI] [REIServerPlugin START] Reloading Section: "reloadable-plugin/SlotAccessorRegistryImpl/DefaultRuntimePlugin of DefaultRuntimePlugin [roughlyenoughitems]/"
[05:43:08] [main/TRACE] [REI] [REIServerPlugin START] Reloading Section: "reloadable-plugin/SlotAccessorRegistryImpl/DefaultRuntimePlugin of DefaultRuntimePlugin [roughlyenoughitems]/" done in 39.07 μs
[05:43:08] [main/TRACE] [REI] [REIServerPlugin START] Reloading Section: "reloadable-plugin/SlotAccessorRegistryImpl/" done in 516.8 μs
[05:43:08] [main/DEBUG] [REI] ========================================
[05:43:08] [main/DEBUG] [REI] REIServerPlugin ending main-reload for START.
[05:43:08] [main/DEBUG] [REI] ========================================
[05:43:08] [main/TRACE] [REI] [REIServerPlugin START] Reloading Section: "end-reload/"
[05:43:08] [main/TRACE] [REI] [REIServerPlugin START] Reloading Section: "end-reload/MenuInfoRegistryImpl/"
[05:43:08] [main/TRACE] [REI] [REIServerPlugin START] Reloading Section: "end-reload/MenuInfoRegistryImpl/" done in 21.33 μs
[05:43:08] [main/TRACE] [REI] [REIServerPlugin START] Reloading Section: "end-reload/SlotAccessorRegistryImpl/"
[05:43:08] [main/TRACE] [REI] [REIServerPlugin START] Reloading Section: "end-reload/SlotAccessorRegistryImpl/" done in 25.27 μs
[05:43:08] [main/TRACE] [REI] [REIServerPlugin START] Reloading Section: "end-reload/" done in 212.2 μs
[05:43:08] [main/DEBUG] [REI] ========================================
[05:43:08] [main/DEBUG] [REI] REIServerPlugin ended main-reload for START in 2.844 ms.
[05:43:08] [main/DEBUG] [REI] ========================================
[05:43:08] [main/DEBUG] [REI] ========================================
[05:43:08] [main/DEBUG] [REI] REIPlugin starting post-reload for START.
[05:43:08] [main/DEBUG] [REI] Reloadables (7):
[05:43:08] [main/DEBUG] [REI]  - EntryTypeRegistryImpl
[05:43:08] [main/DEBUG] [REI]  - EntrySettingsAdapterRegistryImpl
[05:43:08] [main/DEBUG] [REI]  - RecipeManagerContextImpl
[05:43:08] [main/DEBUG] [REI]  - ItemComparatorRegistryImpl
[05:43:08] [main/DEBUG] [REI]  - FluidComparatorRegistryImpl
[05:43:08] [main/DEBUG] [REI]  - DisplaySerializerRegistryImpl
[05:43:08] [main/DEBUG] [REI]  - FluidSupportProviderImpl
[05:43:08] [main/DEBUG] [REI] Plugins (3):
[05:43:08] [main/DEBUG] [REI]  - (-100.00) DefaultPlugin of DefaultPlugin [roughlyenoughitems]
[05:43:08] [main/DEBUG] [REI]  - (0.00) FabricFluidAPISupportPlugin
[05:43:08] [main/DEBUG] [REI]  - (0.00) DefaultRuntimePlugin of DefaultRuntimePlugin [roughlyenoughitems]
[05:43:08] [main/DEBUG] [REI] ========================================
[05:43:08] [main/TRACE] [REI] [REIPlugin START] Reloading Section: "post-register/"
[05:43:08] [main/TRACE] [REI] [REIPlugin START] Reloading Section: "post-register/DefaultPlugin of DefaultPlugin [roughlyenoughitems]/"
[05:43:08] [main/TRACE] [REI] [REIPlugin START] Reloading Section: "post-register/DefaultPlugin of DefaultPlugin [roughlyenoughitems]/" done in 190.8 μs
[05:43:08] [main/TRACE] [REI] [REIPlugin START] Reloading Section: "post-register/FabricFluidAPISupportPlugin/"
[05:43:08] [main/TRACE] [REI] [REIPlugin START] Reloading Section: "post-register/FabricFluidAPISupportPlugin/" done in 39.54 μs
[05:43:08] [main/TRACE] [REI] [REIPlugin START] Reloading Section: "post-register/DefaultRuntimePlugin of DefaultRuntimePlugin [roughlyenoughitems]/"
[05:43:08] [main/TRACE] [REI] [REIPlugin START] Reloading Section: "post-register/DefaultRuntimePlugin of DefaultRuntimePlugin [roughlyenoughitems]/" done in 52.89 μs
[05:43:08] [main/TRACE] [REI] [REIPlugin START] Reloading Section: "post-register/" done in 785.7 μs
[05:43:08] [main/TRACE] [REI] [REIPlugin START] Reloading Section: "post-stage/"
[05:43:08] [main/TRACE] [REI] [REIPlugin START] Reloading Section: "post-stage/EntryTypeRegistryImpl/"
[05:43:08] [main/TRACE] [REI] [REIPlugin START] Reloading Section: "post-stage/EntryTypeRegistryImpl/" done in 76.95 μs
[05:43:08] [main/TRACE] [REI] [REIPlugin START] Reloading Section: "post-stage/EntrySettingsAdapterRegistryImpl/"
[05:43:08] [main/TRACE] [REI] [REIPlugin START] Reloading Section: "post-stage/EntrySettingsAdapterRegistryImpl/" done in 24.03 μs
[05:43:08] [main/TRACE] [REI] [REIPlugin START] Reloading Section: "post-stage/RecipeManagerContextImpl/"
[05:43:08] [main/TRACE] [REI] [REIPlugin START] Reloading Section: "post-stage/RecipeManagerContextImpl/" done in 29.99 μs
[05:43:08] [main/TRACE] [REI] [REIPlugin START] Reloading Section: "post-stage/ItemComparatorRegistryImpl/"
[05:43:08] [main/TRACE] [REI] [REIPlugin START] Reloading Section: "post-stage/ItemComparatorRegistryImpl/" done in 52.00 μs
[05:43:08] [main/TRACE] [REI] [REIPlugin START] Reloading Section: "post-stage/FluidComparatorRegistryImpl/"
[05:43:08] [main/TRACE] [REI] [REIPlugin START] Reloading Section: "post-stage/FluidComparatorRegistryImpl/" done in 55.74 μs
[05:43:08] [main/TRACE] [REI] [REIPlugin START] Reloading Section: "post-stage/DisplaySerializerRegistryImpl/"
[05:43:08] [main/TRACE] [REI] [REIPlugin START] Reloading Section: "post-stage/DisplaySerializerRegistryImpl/" done in 33.67 μs
[05:43:08] [main/TRACE] [REI] [REIPlugin START] Reloading Section: "post-stage/FluidSupportProviderImpl/"
[05:43:08] [main/TRACE] [REI] [REIPlugin START] Reloading Section: "post-stage/FluidSupportProviderImpl/" done in 27.90 μs
[05:43:08] [main/TRACE] [REI] [REIPlugin START] Reloading Section: "post-stage/" done in 1.053 ms
[05:43:08] [main/DEBUG] [REI] ========================================
[05:43:08] [main/INFO] [REI] REIPlugin finished post-reload for START in 2.076 ms, totaling 51.99 ms.
[05:43:08] [main/DEBUG] [REI] ========================================
[05:43:08] [main/DEBUG] [REI] ========================================
[05:43:08] [main/DEBUG] [REI] REIServerPlugin starting post-reload for START.
[05:43:08] [main/DEBUG] [REI] Reloadables (2):
[05:43:08] [main/DEBUG] [REI]  - MenuInfoRegistryImpl
[05:43:08] [main/DEBUG] [REI]  - SlotAccessorRegistryImpl
[05:43:08] [main/DEBUG] [REI] Plugins (3):
[05:43:08] [main/DEBUG] [REI]  - (-100.00) DefaultPlugin of DefaultPlugin [roughlyenoughitems]
[05:43:08] [main/DEBUG] [REI]  - (0.00) FabricFluidAPISupportPlugin
[05:43:08] [main/DEBUG] [REI]  - (0.00) DefaultRuntimePlugin of DefaultRuntimePlugin [roughlyenoughitems]
[05:43:08] [main/DEBUG] [REI] ========================================
[05:43:08] [main/TRACE] [REI] [REIServerPlugin START] Reloading Section: "post-register/"
[05:43:08] [main/TRACE] [REI] [REIServerPlugin START] Reloading Section: "post-register/DefaultPlugin of DefaultPlugin [roughlyenoughitems]/"
[05:43:08] [main/TRACE] [REI] [REIServerPlugin START] Reloading Section: "post-register/DefaultPlugin of DefaultPlugin [roughlyenoughitems]/" done in 36.52 μs
[05:43:08] [main/TRACE] [REI] [REIServerPlugin START] Reloading Section: "post-register/FabricFluidAPISupportPlugin/"
[05:43:08] [main/TRACE] [REI] [REIServerPlugin START] Reloading Section: "post-register/FabricFluidAPISupportPlugin/" done in 42.46 μs
[05:43:08] [main/TRACE] [REI] [REIServerPlugin START] Reloading Section: "post-register/DefaultRuntimePlugin of DefaultRuntimePlugin [roughlyenoughitems]/"
[05:43:08] [main/TRACE] [REI] [REIServerPlugin START] Reloading Section: "post-register/DefaultRuntimePlugin of DefaultRuntimePlugin [roughlyenoughitems]/" done in 38.38 μs
[05:43:08] [main/TRACE] [REI] [REIServerPlugin START] Reloading Section: "post-register/" done in 437.5 μs
[05:43:08] [main/TRACE] [REI] [REIServerPlugin START] Reloading Section: "post-stage/"
[05:43:08] [main/TRACE] [REI] [REIServerPlugin START] Reloading Section: "post-stage/MenuInfoRegistryImpl/"
[05:43:08] [main/TRACE] [REI] [REIServerPlugin START] Reloading Section: "post-stage/MenuInfoRegistryImpl/" done in 51.12 μs
[05:43:08] [main/TRACE] [REI] [REIServerPlugin START] Reloading Section: "post-stage/SlotAccessorRegistryImpl/"
[05:43:08] [main/TRACE] [REI] [REIServerPlugin START] Reloading Section: "post-stage/SlotAccessorRegistryImpl/" done in 30.99 μs
[05:43:08] [main/TRACE] [REI] [REIServerPlugin START] Reloading Section: "post-stage/" done in 283.1 μs
[05:43:08] [main/DEBUG] [REI] ========================================
[05:43:08] [main/INFO] [REI] REIServerPlugin finished post-reload for START in 905.3 μs, totaling 4.736 ms.
[05:43:08] [main/DEBUG] [REI] ========================================
[05:43:08] [main/DEBUG] [REI] ========================================
[05:43:08] [main/DEBUG] [REI] REIPlugin starting pre-reload for END.
[05:43:08] [main/DEBUG] [REI] Reloadables (7):
[05:43:08] [main/DEBUG] [REI]  - EntryTypeRegistryImpl
[05:43:08] [main/DEBUG] [REI]  - EntrySettingsAdapterRegistryImpl
[05:43:08] [main/DEBUG] [REI]  - RecipeManagerContextImpl
[05:43:08] [main/DEBUG] [REI]  - ItemComparatorRegistryImpl
[05:43:08] [main/DEBUG] [REI]  - FluidComparatorRegistryImpl
[05:43:08] [main/DEBUG] [REI]  - DisplaySerializerRegistryImpl
[05:43:08] [main/DEBUG] [REI]  - FluidSupportProviderImpl
[05:43:08] [main/DEBUG] [REI] Plugins (3):
[05:43:08] [main/DEBUG] [REI]  - (-100.00) DefaultPlugin of DefaultPlugin [roughlyenoughitems]
[05:43:08] [main/DEBUG] [REI]  - (0.00) FabricFluidAPISupportPlugin
[05:43:08] [main/DEBUG] [REI]  - (0.00) DefaultRuntimePlugin of DefaultRuntimePlugin [roughlyenoughitems]
[05:43:08] [main/DEBUG] [REI] ========================================
[05:43:08] [main/TRACE] [REI] [REIPlugin END] Reloading Section: "pre-register/"
[05:43:08] [main/TRACE] [REI] [REIPlugin END] Reloading Section: "pre-register/DefaultPlugin of DefaultPlugin [roughlyenoughitems]/"
[05:43:08] [main/TRACE] [REI] [REIPlugin END] Reloading Section: "pre-register/DefaultPlugin of DefaultPlugin [roughlyenoughitems]/" done in 23.09 μs
[05:43:08] [main/TRACE] [REI] [REIPlugin END] Reloading Section: "pre-register/FabricFluidAPISupportPlugin/"
[05:43:08] [main/TRACE] [REI] [REIPlugin END] Reloading Section: "pre-register/FabricFluidAPISupportPlugin/" done in 25.01 μs
[05:43:08] [main/TRACE] [REI] [REIPlugin END] Reloading Section: "pre-register/DefaultRuntimePlugin of DefaultRuntimePlugin [roughlyenoughitems]/"
[05:43:08] [main/TRACE] [REI] [REIPlugin END] Reloading Section: "pre-register/DefaultRuntimePlugin of DefaultRuntimePlugin [roughlyenoughitems]/" done in 19.90 μs
[05:43:08] [main/TRACE] [REI] [REIPlugin END] Reloading Section: "pre-register/" done in 427.8 μs
[05:43:08] [main/TRACE] [REI] [REIPlugin END] Reloading Section: "pre-stage/"
[05:43:08] [main/TRACE] [REI] [REIPlugin END] Reloading Section: "pre-stage/EntryTypeRegistryImpl/"
[05:43:08] [main/TRACE] [REI] [REIPlugin END] Reloading Section: "pre-stage/EntryTypeRegistryImpl/" done in 68.46 μs
[05:43:08] [main/TRACE] [REI] [REIPlugin END] Reloading Section: "pre-stage/EntrySettingsAdapterRegistryImpl/"
[05:43:08] [main/TRACE] [REI] [REIPlugin END] Reloading Section: "pre-stage/EntrySettingsAdapterRegistryImpl/" done in 19.97 μs
[05:43:08] [main/TRACE] [REI] [REIPlugin END] Reloading Section: "pre-stage/RecipeManagerContextImpl/"
[05:43:08] [main/TRACE] [REI] [REIPlugin END] Reloading Section: "pre-stage/RecipeManagerContextImpl/" done in 16.68 μs
[05:43:08] [main/TRACE] [REI] [REIPlugin END] Reloading Section: "pre-stage/ItemComparatorRegistryImpl/"
[05:43:08] [main/TRACE] [REI] [REIPlugin END] Reloading Section: "pre-stage/ItemComparatorRegistryImpl/" done in 17.28 μs
[05:43:08] [main/TRACE] [REI] [REIPlugin END] Reloading Section: "pre-stage/FluidComparatorRegistryImpl/"
[05:43:08] [main/TRACE] [REI] [REIPlugin END] Reloading Section: "pre-stage/FluidComparatorRegistryImpl/" done in 17.80 μs
[05:43:08] [main/TRACE] [REI] [REIPlugin END] Reloading Section: "pre-stage/DisplaySerializerRegistryImpl/"
[05:43:08] [main/TRACE] [REI] [REIPlugin END] Reloading Section: "pre-stage/DisplaySerializerRegistryImpl/" done in 17.90 μs
[05:43:08] [main/TRACE] [REI] [REIPlugin END] Reloading Section: "pre-stage/FluidSupportProviderImpl/"
[05:43:08] [main/TRACE] [REI] [REIPlugin END] Reloading Section: "pre-stage/FluidSupportProviderImpl/" done in 19.47 μs
[05:43:08] [main/TRACE] [REI] [REIPlugin END] Reloading Section: "pre-stage/" done in 796.7 μs
[05:43:08] [main/DEBUG] [REI] ========================================
[05:43:08] [main/DEBUG] [REI] REIPlugin finished pre-reload for END in 1.416 ms.
[05:43:08] [main/DEBUG] [REI] ========================================
[05:43:08] [main/DEBUG] [REI] ========================================
[05:43:08] [main/DEBUG] [REI] REIServerPlugin starting pre-reload for END.
[05:43:08] [main/DEBUG] [REI] Reloadables (2):
[05:43:08] [main/DEBUG] [REI]  - MenuInfoRegistryImpl
[05:43:08] [main/DEBUG] [REI]  - SlotAccessorRegistryImpl
[05:43:08] [main/DEBUG] [REI] Plugins (3):
[05:43:08] [main/DEBUG] [REI]  - (-100.00) DefaultPlugin of DefaultPlugin [roughlyenoughitems]
[05:43:08] [main/DEBUG] [REI]  - (0.00) FabricFluidAPISupportPlugin
[05:43:08] [main/DEBUG] [REI]  - (0.00) DefaultRuntimePlugin of DefaultRuntimePlugin [roughlyenoughitems]
[05:43:08] [main/DEBUG] [REI] ========================================
[05:43:08] [main/TRACE] [REI] [REIServerPlugin END] Reloading Section: "pre-register/"
[05:43:08] [main/TRACE] [REI] [REIServerPlugin END] Reloading Section: "pre-register/DefaultPlugin of DefaultPlugin [roughlyenoughitems]/"
[05:43:08] [main/TRACE] [REI] [REIServerPlugin END] Reloading Section: "pre-register/DefaultPlugin of DefaultPlugin [roughlyenoughitems]/" done in 23.08 μs
[05:43:08] [main/TRACE] [REI] [REIServerPlugin END] Reloading Section: "pre-register/FabricFluidAPISupportPlugin/"
[05:43:08] [main/TRACE] [REI] [REIServerPlugin END] Reloading Section: "pre-register/FabricFluidAPISupportPlugin/" done in 34.79 μs
[05:43:08] [main/TRACE] [REI] [REIServerPlugin END] Reloading Section: "pre-register/DefaultRuntimePlugin of DefaultRuntimePlugin [roughlyenoughitems]/"
[05:43:08] [main/TRACE] [REI] [REIServerPlugin END] Reloading Section: "pre-register/DefaultRuntimePlugin of DefaultRuntimePlugin [roughlyenoughitems]/" done in 21.27 μs
[05:43:08] [main/TRACE] [REI] [REIServerPlugin END] Reloading Section: "pre-register/" done in 254.2 μs
[05:43:08] [main/TRACE] [REI] [REIServerPlugin END] Reloading Section: "pre-stage/"
[05:43:08] [main/TRACE] [REI] [REIServerPlugin END] Reloading Section: "pre-stage/MenuInfoRegistryImpl/"
[05:43:08] [main/TRACE] [REI] [REIServerPlugin END] Reloading Section: "pre-stage/MenuInfoRegistryImpl/" done in 19.34 μs
[05:43:08] [main/TRACE] [REI] [REIServerPlugin END] Reloading Section: "pre-stage/SlotAccessorRegistryImpl/"
[05:43:08] [main/TRACE] [REI] [REIServerPlugin END] Reloading Section: "pre-stage/SlotAccessorRegistryImpl/" done in 2.002 ms
[05:43:08] [main/TRACE] [REI] [REIServerPlugin END] Reloading Section: "pre-stage/" done in 2.178 ms
[05:43:08] [main/DEBUG] [REI] ========================================
[05:43:08] [main/DEBUG] [REI] REIServerPlugin finished pre-reload for END in 2.540 ms.
[05:43:08] [main/DEBUG] [REI] ========================================
[05:43:08] [main/INFO] [REI] ****************************************
[05:43:08] [main/INFO] [REI] REIPlugin starting main-reload for END.
[05:43:08] [main/DEBUG] [REI] Reloadables (7):
[05:43:08] [main/DEBUG] [REI]  - EntryTypeRegistryImpl
[05:43:08] [main/DEBUG] [REI]  - EntrySettingsAdapterRegistryImpl
[05:43:08] [main/DEBUG] [REI]  - RecipeManagerContextImpl
[05:43:08] [main/DEBUG] [REI]  - ItemComparatorRegistryImpl
[05:43:08] [main/DEBUG] [REI]  - FluidComparatorRegistryImpl
[05:43:08] [main/DEBUG] [REI]  - DisplaySerializerRegistryImpl
[05:43:08] [main/DEBUG] [REI]  - FluidSupportProviderImpl
[05:43:08] [main/INFO] [REI] Plugins (3):
[05:43:08] [main/INFO] [REI]  - (-100.00) DefaultPlugin of DefaultPlugin [roughlyenoughitems]
[05:43:08] [main/INFO] [REI]  - (0.00) FabricFluidAPISupportPlugin
[05:43:08] [main/INFO] [REI]  - (0.00) DefaultRuntimePlugin of DefaultRuntimePlugin [roughlyenoughitems]
[05:43:08] [main/INFO] [REI] ****************************************
[05:43:08] [main/TRACE] [REI] [REIPlugin END] Reloading Section: "start-reload/"
[05:43:08] [main/TRACE] [REI] [REIPlugin END] Reloading Section: "start-reload/EntryTypeRegistryImpl/"
[05:43:08] [main/TRACE] [REI] [REIPlugin END] Reloading Section: "start-reload/EntryTypeRegistryImpl/" done in 20.90 μs
[05:43:08] [main/TRACE] [REI] [REIPlugin END] Reloading Section: "start-reload/EntrySettingsAdapterRegistryImpl/"
[05:43:08] [main/TRACE] [REI] [REIPlugin END] Reloading Section: "start-reload/EntrySettingsAdapterRegistryImpl/" done in 32.57 μs
[05:43:08] [main/TRACE] [REI] [REIPlugin END] Reloading Section: "start-reload/RecipeManagerContextImpl/"
[05:43:08] [main/TRACE] [REI] [REIPlugin END] Reloading Section: "start-reload/RecipeManagerContextImpl/" done in 18.40 μs
[05:43:08] [main/TRACE] [REI] [REIPlugin END] Reloading Section: "start-reload/ItemComparatorRegistryImpl/"
[05:43:08] [main/TRACE] [REI] [REIPlugin END] Reloading Section: "start-reload/ItemComparatorRegistryImpl/" done in 18.86 μs
[05:43:08] [main/TRACE] [REI] [REIPlugin END] Reloading Section: "start-reload/FluidComparatorRegistryImpl/"
[05:43:08] [main/TRACE] [REI] [REIPlugin END] Reloading Section: "start-reload/FluidComparatorRegistryImpl/" done in 40.40 μs
[05:43:08] [main/TRACE] [REI] [REIPlugin END] Reloading Section: "start-reload/DisplaySerializerRegistryImpl/"
[05:43:08] [main/TRACE] [REI] [REIPlugin END] Reloading Section: "start-reload/DisplaySerializerRegistryImpl/" done in 47.46 μs
[05:43:08] [main/TRACE] [REI] [REIPlugin END] Reloading Section: "start-reload/FluidSupportProviderImpl/"
[05:43:08] [main/TRACE] [REI] [REIPlugin END] Reloading Section: "start-reload/FluidSupportProviderImpl/" done in 45.28 μs
[05:43:08] [main/TRACE] [REI] [REIPlugin END] Reloading Section: "start-reload/" done in 1.923 ms
[05:43:08] [main/DEBUG] [REI] ========================================
[05:43:08] [main/DEBUG] [REI] REIPlugin started main-reload for END.
[05:43:08] [main/DEBUG] [REI] ========================================
[05:43:08] [main/TRACE] [REI] [REIPlugin END] Reloading Section: "reloadable-plugin/EntryTypeRegistryImpl/"
[05:43:08] [main/TRACE] [REI] [REIPlugin END] Reloading Section: "reloadable-plugin/EntryTypeRegistryImpl/DefaultPlugin of DefaultPlugin [roughlyenoughitems]/"
[05:43:08] [main/TRACE] [REI] [REIPlugin END] Reloading Section: "reloadable-plugin/EntryTypeRegistryImpl/DefaultPlugin of DefaultPlugin [roughlyenoughitems]/" done in 24.45 μs
[05:43:08] [main/TRACE] [REI] [REIPlugin END] Reloading Section: "reloadable-plugin/EntryTypeRegistryImpl/FabricFluidAPISupportPlugin/"
[05:43:08] [main/TRACE] [REI] [REIPlugin END] Reloading Section: "reloadable-plugin/EntryTypeRegistryImpl/FabricFluidAPISupportPlugin/" done in 22.54 μs
[05:43:08] [main/TRACE] [REI] [REIPlugin END] Reloading Section: "reloadable-plugin/EntryTypeRegistryImpl/DefaultRuntimePlugin of DefaultRuntimePlugin [roughlyenoughitems]/"
[05:43:08] [main/TRACE] [REI] [REIPlugin END] Reloading Section: "reloadable-plugin/EntryTypeRegistryImpl/DefaultRuntimePlugin of DefaultRuntimePlugin [roughlyenoughitems]/" done in 25.85 μs
[05:43:08] [main/TRACE] [REI] [REIPlugin END] Reloading Section: "reloadable-plugin/EntryTypeRegistryImpl/" done in 271.7 μs
[05:43:08] [main/TRACE] [REI] [REIPlugin END] Reloading Section: "reloadable-plugin/EntrySettingsAdapterRegistryImpl/"
[05:43:08] [main/TRACE] [REI] [REIPlugin END] Reloading Section: "reloadable-plugin/EntrySettingsAdapterRegistryImpl/DefaultPlugin of DefaultPlugin [roughlyenoughitems]/"
[05:43:08] [main/TRACE] [REI] [REIPlugin END] Reloading Section: "reloadable-plugin/EntrySettingsAdapterRegistryImpl/DefaultPlugin of DefaultPlugin [roughlyenoughitems]/" done in 51.12 μs
[05:43:08] [main/TRACE] [REI] [REIPlugin END] Reloading Section: "reloadable-plugin/EntrySettingsAdapterRegistryImpl/FabricFluidAPISupportPlugin/"
[05:43:08] [main/TRACE] [REI] [REIPlugin END] Reloading Section: "reloadable-plugin/EntrySettingsAdapterRegistryImpl/FabricFluidAPISupportPlugin/" done in 37.34 μs
[05:43:08] [main/TRACE] [REI] [REIPlugin END] Reloading Section: "reloadable-plugin/EntrySettingsAdapterRegistryImpl/DefaultRuntimePlugin of DefaultRuntimePlugin [roughlyenoughitems]/"
[05:43:08] [main/TRACE] [REI] [REIPlugin END] Reloading Section: "reloadable-plugin/EntrySettingsAdapterRegistryImpl/DefaultRuntimePlugin of DefaultRuntimePlugin [roughlyenoughitems]/" done in 32.32 μs
[05:43:08] [main/TRACE] [REI] [REIPlugin END] Reloading Section: "reloadable-plugin/EntrySettingsAdapterRegistryImpl/" done in 314.9 μs
[05:43:08] [main/TRACE] [REI] [REIPlugin END] Reloading Section: "reloadable-plugin/RecipeManagerContextImpl/"
[05:43:08] [main/TRACE] [REI] [REIPlugin END] Reloading Section: "reloadable-plugin/RecipeManagerContextImpl/DefaultPlugin of DefaultPlugin [roughlyenoughitems]/"
[05:43:08] [main/TRACE] [REI] [REIPlugin END] Reloading Section: "reloadable-plugin/RecipeManagerContextImpl/DefaultPlugin of DefaultPlugin [roughlyenoughitems]/" done in 32.96 μs
[05:43:08] [main/TRACE] [REI] [REIPlugin END] Reloading Section: "reloadable-plugin/RecipeManagerContextImpl/FabricFluidAPISupportPlugin/"
[05:43:08] [main/TRACE] [REI] [REIPlugin END] Reloading Section: "reloadable-plugin/RecipeManagerContextImpl/FabricFluidAPISupportPlugin/" done in 37.40 μs
[05:43:08] [main/TRACE] [REI] [REIPlugin END] Reloading Section: "reloadable-plugin/RecipeManagerContextImpl/DefaultRuntimePlugin of DefaultRuntimePlugin [roughlyenoughitems]/"
[05:43:08] [main/TRACE] [REI] [REIPlugin END] Reloading Section: "reloadable-plugin/RecipeManagerContextImpl/DefaultRuntimePlugin of DefaultRuntimePlugin [roughlyenoughitems]/" done in 36.82 μs
[05:43:08] [main/TRACE] [REI] [REIPlugin END] Reloading Section: "reloadable-plugin/RecipeManagerContextImpl/" done in 315.7 μs
[05:43:08] [main/TRACE] [REI] [REIPlugin END] Reloading Section: "reloadable-plugin/ItemComparatorRegistryImpl/"
[05:43:08] [main/TRACE] [REI] [REIPlugin END] Reloading Section: "reloadable-plugin/ItemComparatorRegistryImpl/DefaultPlugin of DefaultPlugin [roughlyenoughitems]/"
[05:43:08] [main/TRACE] [REI] [REIPlugin END] Reloading Section: "reloadable-plugin/ItemComparatorRegistryImpl/DefaultPlugin of DefaultPlugin [roughlyenoughitems]/" done in 31.47 μs
[05:43:08] [main/TRACE] [REI] [REIPlugin END] Reloading Section: "reloadable-plugin/ItemComparatorRegistryImpl/FabricFluidAPISupportPlugin/"
[05:43:08] [main/TRACE] [REI] [REIPlugin END] Reloading Section: "reloadable-plugin/ItemComparatorRegistryImpl/FabricFluidAPISupportPlugin/" done in 33.55 μs
[05:43:08] [main/TRACE] [REI] [REIPlugin END] Reloading Section: "reloadable-plugin/ItemComparatorRegistryImpl/DefaultRuntimePlugin of DefaultRuntimePlugin [roughlyenoughitems]/"
[05:43:08] [main/TRACE] [REI] [REIPlugin END] Reloading Section: "reloadable-plugin/ItemComparatorRegistryImpl/DefaultRuntimePlugin of DefaultRuntimePlugin [roughlyenoughitems]/" done in 31.68 μs
[05:43:08] [main/TRACE] [REI] [REIPlugin END] Reloading Section: "reloadable-plugin/ItemComparatorRegistryImpl/" done in 318.5 μs
[05:43:08] [main/TRACE] [REI] [REIPlugin END] Reloading Section: "reloadable-plugin/FluidComparatorRegistryImpl/"
[05:43:08] [main/TRACE] [REI] [REIPlugin END] Reloading Section: "reloadable-plugin/FluidComparatorRegistryImpl/DefaultPlugin of DefaultPlugin [roughlyenoughitems]/"
[05:43:08] [main/TRACE] [REI] [REIPlugin END] Reloading Section: "reloadable-plugin/FluidComparatorRegistryImpl/DefaultPlugin of DefaultPlugin [roughlyenoughitems]/" done in 30.63 μs
[05:43:08] [main/TRACE] [REI] [REIPlugin END] Reloading Section: "reloadable-plugin/FluidComparatorRegistryImpl/FabricFluidAPISupportPlugin/"
[05:43:08] [main/TRACE] [REI] [REIPlugin END] Reloading Section: "reloadable-plugin/FluidComparatorRegistryImpl/FabricFluidAPISupportPlugin/" done in 34.85 μs
[05:43:08] [main/TRACE] [REI] [REIPlugin END] Reloading Section: "reloadable-plugin/FluidComparatorRegistryImpl/DefaultRuntimePlugin of DefaultRuntimePlugin [roughlyenoughitems]/"
[05:43:08] [main/TRACE] [REI] [REIPlugin END] Reloading Section: "reloadable-plugin/FluidComparatorRegistryImpl/DefaultRuntimePlugin of DefaultRuntimePlugin [roughlyenoughitems]/" done in 32.33 μs
[05:43:08] [main/TRACE] [REI] [REIPlugin END] Reloading Section: "reloadable-plugin/FluidComparatorRegistryImpl/" done in 296.1 μs
[05:43:08] [main/TRACE] [REI] [REIPlugin END] Reloading Section: "reloadable-plugin/DisplaySerializerRegistryImpl/"
[05:43:08] [main/TRACE] [REI] [REIPlugin END] Reloading Section: "reloadable-plugin/DisplaySerializerRegistryImpl/DefaultPlugin of DefaultPlugin [roughlyenoughitems]/"
[05:43:08] [main/TRACE] [REI] [REIPlugin END] Reloading Section: "reloadable-plugin/DisplaySerializerRegistryImpl/DefaultPlugin of DefaultPlugin [roughlyenoughitems]/" done in 30.04 ms
[05:43:08] [main/TRACE] [REI] [REIPlugin END] Reloading Section: "reloadable-plugin/DisplaySerializerRegistryImpl/FabricFluidAPISupportPlugin/"
[05:43:08] [main/TRACE] [REI] [REIPlugin END] Reloading Section: "reloadable-plugin/DisplaySerializerRegistryImpl/FabricFluidAPISupportPlugin/" done in 53.05 μs
[05:43:08] [main/TRACE] [REI] [REIPlugin END] Reloading Section: "reloadable-plugin/DisplaySerializerRegistryImpl/DefaultRuntimePlugin of DefaultRuntimePlugin [roughlyenoughitems]/"
[05:43:08] [main/TRACE] [REI] [REIPlugin END] Reloading Section: "reloadable-plugin/DisplaySerializerRegistryImpl/DefaultRuntimePlugin of DefaultRuntimePlugin [roughlyenoughitems]/" done in 44.11 μs
[05:43:08] [main/TRACE] [REI] [REIPlugin END] Reloading Section: "reloadable-plugin/DisplaySerializerRegistryImpl/" done in 30.52 ms
[05:43:08] [main/TRACE] [REI] [REIPlugin END] Reloading Section: "reloadable-plugin/FluidSupportProviderImpl/"
[05:43:08] [main/TRACE] [REI] [REIPlugin END] Reloading Section: "reloadable-plugin/FluidSupportProviderImpl/DefaultPlugin of DefaultPlugin [roughlyenoughitems]/"
[05:43:08] [main/TRACE] [REI] [REIPlugin END] Reloading Section: "reloadable-plugin/FluidSupportProviderImpl/DefaultPlugin of DefaultPlugin [roughlyenoughitems]/" done in 42.97 μs
[05:43:08] [main/TRACE] [REI] [REIPlugin END] Reloading Section: "reloadable-plugin/FluidSupportProviderImpl/FabricFluidAPISupportPlugin/"
[05:43:08] [main/TRACE] [REI] [REIPlugin END] Reloading Section: "reloadable-plugin/FluidSupportProviderImpl/FabricFluidAPISupportPlugin/" done in 32.12 μs
[05:43:08] [main/TRACE] [REI] [REIPlugin END] Reloading Section: "reloadable-plugin/FluidSupportProviderImpl/DefaultRuntimePlugin of DefaultRuntimePlugin [roughlyenoughitems]/"
[05:43:08] [main/TRACE] [REI] [REIPlugin END] Reloading Section: "reloadable-plugin/FluidSupportProviderImpl/DefaultRuntimePlugin of DefaultRuntimePlugin [roughlyenoughitems]/" done in 32.82 μs
[05:43:08] [main/TRACE] [REI] [REIPlugin END] Reloading Section: "reloadable-plugin/FluidSupportProviderImpl/" done in 313.2 μs
[05:43:08] [main/DEBUG] [REI] ========================================
[05:43:08] [main/DEBUG] [REI] REIPlugin ending main-reload for END.
[05:43:08] [main/DEBUG] [REI] ========================================
[05:43:08] [main/TRACE] [REI] [REIPlugin END] Reloading Section: "end-reload/"
[05:43:08] [main/TRACE] [REI] [REIPlugin END] Reloading Section: "end-reload/EntryTypeRegistryImpl/"
[05:43:08] [main/TRACE] [REI] [REIPlugin END] Reloading Section: "end-reload/EntryTypeRegistryImpl/" done in 30.45 μs
[05:43:08] [main/TRACE] [REI] [REIPlugin END] Reloading Section: "end-reload/EntrySettingsAdapterRegistryImpl/"
[05:43:08] [main/TRACE] [REI] [REIPlugin END] Reloading Section: "end-reload/EntrySettingsAdapterRegistryImpl/" done in 29.72 μs
[05:43:08] [main/TRACE] [REI] [REIPlugin END] Reloading Section: "end-reload/RecipeManagerContextImpl/"
[05:43:08] [main/TRACE] [REI] [REIPlugin END] Reloading Section: "end-reload/RecipeManagerContextImpl/" done in 25.34 μs
[05:43:08] [main/TRACE] [REI] [REIPlugin END] Reloading Section: "end-reload/ItemComparatorRegistryImpl/"
[05:43:08] [main/TRACE] [REI] [REIPlugin END] Reloading Section: "end-reload/ItemComparatorRegistryImpl/" done in 26.12 μs
[05:43:08] [main/TRACE] [REI] [REIPlugin END] Reloading Section: "end-reload/FluidComparatorRegistryImpl/"
[05:43:08] [main/TRACE] [REI] [REIPlugin END] Reloading Section: "end-reload/FluidComparatorRegistryImpl/" done in 23.91 μs
[05:43:08] [main/TRACE] [REI] [REIPlugin END] Reloading Section: "end-reload/DisplaySerializerRegistryImpl/"
[05:43:08] [main/TRACE] [REI] [REIPlugin END] Reloading Section: "end-reload/DisplaySerializerRegistryImpl/" done in 24.90 μs
[05:43:08] [main/TRACE] [REI] [REIPlugin END] Reloading Section: "end-reload/FluidSupportProviderImpl/"
[05:43:08] [main/TRACE] [REI] [REIPlugin END] Reloading Section: "end-reload/FluidSupportProviderImpl/" done in 29.15 μs
[05:43:08] [main/TRACE] [REI] [REIPlugin END] Reloading Section: "end-reload/" done in 550.3 μs
[05:43:08] [main/DEBUG] [REI] ========================================
[05:43:08] [main/DEBUG] [REI] REIPlugin ended main-reload for END in 36.40 ms.
[05:43:08] [main/DEBUG] [REI] ========================================
[05:43:08] [main/INFO] [REI] %%%%%%%%%%%%%%%%%%%%%%%%%%%%%%%%%%%%%%%%
[05:43:08] [main/INFO] [REI] REIServerPlugin starting main-reload for END.
[05:43:08] [main/DEBUG] [REI] Reloadables (2):
[05:43:08] [main/DEBUG] [REI]  - MenuInfoRegistryImpl
[05:43:08] [main/DEBUG] [REI]  - SlotAccessorRegistryImpl
[05:43:08] [main/INFO] [REI] Plugins (3):
[05:43:08] [main/INFO] [REI]  - (-100.00) DefaultPlugin of DefaultPlugin [roughlyenoughitems]
[05:43:08] [main/INFO] [REI]  - (0.00) FabricFluidAPISupportPlugin
[05:43:08] [main/INFO] [REI]  - (0.00) DefaultRuntimePlugin of DefaultRuntimePlugin [roughlyenoughitems]
[05:43:08] [main/INFO] [REI] %%%%%%%%%%%%%%%%%%%%%%%%%%%%%%%%%%%%%%%%
[05:43:08] [main/TRACE] [REI] [REIServerPlugin END] Reloading Section: "start-reload/"
[05:43:08] [main/TRACE] [REI] [REIServerPlugin END] Reloading Section: "start-reload/MenuInfoRegistryImpl/"
[05:43:08] [main/TRACE] [REI] [REIServerPlugin END] Reloading Section: "start-reload/MenuInfoRegistryImpl/" done in 51.31 μs
[05:43:08] [main/TRACE] [REI] [REIServerPlugin END] Reloading Section: "start-reload/SlotAccessorRegistryImpl/"
[05:43:08] [main/TRACE] [REI] [REIServerPlugin END] Reloading Section: "start-reload/SlotAccessorRegistryImpl/" done in 33.86 μs
[05:43:08] [main/TRACE] [REI] [REIServerPlugin END] Reloading Section: "start-reload/" done in 246.5 μs
[05:43:08] [main/DEBUG] [REI] ========================================
[05:43:08] [main/DEBUG] [REI] REIServerPlugin started main-reload for END.
[05:43:08] [main/DEBUG] [REI] ========================================
[05:43:08] [main/TRACE] [REI] [REIServerPlugin END] Reloading Section: "reloadable-plugin/MenuInfoRegistryImpl/"
[05:43:08] [main/TRACE] [REI] [REIServerPlugin END] Reloading Section: "reloadable-plugin/MenuInfoRegistryImpl/DefaultPlugin of DefaultPlugin [roughlyenoughitems]/"
[05:43:08] [main/TRACE] [REI] [REIServerPlugin END] Reloading Section: "reloadable-plugin/MenuInfoRegistryImpl/DefaultPlugin of DefaultPlugin [roughlyenoughitems]/" done in 31.33 μs
[05:43:08] [main/TRACE] [REI] [REIServerPlugin END] Reloading Section: "reloadable-plugin/MenuInfoRegistryImpl/FabricFluidAPISupportPlugin/"
[05:43:08] [main/TRACE] [REI] [REIServerPlugin END] Reloading Section: "reloadable-plugin/MenuInfoRegistryImpl/FabricFluidAPISupportPlugin/" done in 22.99 μs
[05:43:08] [main/TRACE] [REI] [REIServerPlugin END] Reloading Section: "reloadable-plugin/MenuInfoRegistryImpl/DefaultRuntimePlugin of DefaultRuntimePlugin [roughlyenoughitems]/"
[05:43:08] [main/TRACE] [REI] [REIServerPlugin END] Reloading Section: "reloadable-plugin/MenuInfoRegistryImpl/DefaultRuntimePlugin of DefaultRuntimePlugin [roughlyenoughitems]/" done in 22.41 μs
[05:43:08] [main/TRACE] [REI] [REIServerPlugin END] Reloading Section: "reloadable-plugin/MenuInfoRegistryImpl/" done in 250.1 μs
[05:43:08] [main/TRACE] [REI] [REIServerPlugin END] Reloading Section: "reloadable-plugin/SlotAccessorRegistryImpl/"
[05:43:08] [main/TRACE] [REI] [REIServerPlugin END] Reloading Section: "reloadable-plugin/SlotAccessorRegistryImpl/DefaultPlugin of DefaultPlugin [roughlyenoughitems]/"
[05:43:08] [main/TRACE] [REI] [REIServerPlugin END] Reloading Section: "reloadable-plugin/SlotAccessorRegistryImpl/DefaultPlugin of DefaultPlugin [roughlyenoughitems]/" done in 70.16 μs
[05:43:08] [main/TRACE] [REI] [REIServerPlugin END] Reloading Section: "reloadable-plugin/SlotAccessorRegistryImpl/FabricFluidAPISupportPlugin/"
[05:43:08] [main/TRACE] [REI] [REIServerPlugin END] Reloading Section: "reloadable-plugin/SlotAccessorRegistryImpl/FabricFluidAPISupportPlugin/" done in 23.46 μs
[05:43:08] [main/TRACE] [REI] [REIServerPlugin END] Reloading Section: "reloadable-plugin/SlotAccessorRegistryImpl/DefaultRuntimePlugin of DefaultRuntimePlugin [roughlyenoughitems]/"
[05:43:08] [main/DEBUG] [REI] Added slot accessor serializer: me.shedaniel.rei.plugin.common.runtime.DefaultRuntimePlugin$1@1e83e189 [roughlyenoughitems:vanilla]
[05:43:08] [main/DEBUG] [REI] Added slot accessor serializer: me.shedaniel.rei.plugin.common.runtime.DefaultRuntimePlugin$2@1c269514 [roughlyenoughitems:player]
[05:43:08] [main/TRACE] [REI] [REIServerPlugin END] Reloading Section: "reloadable-plugin/SlotAccessorRegistryImpl/DefaultRuntimePlugin of DefaultRuntimePlugin [roughlyenoughitems]/" done in 2.005 ms
[05:43:08] [main/TRACE] [REI] [REIServerPlugin END] Reloading Section: "reloadable-plugin/SlotAccessorRegistryImpl/" done in 2.286 ms
[05:43:08] [main/DEBUG] [REI] ========================================
[05:43:08] [main/DEBUG] [REI] REIServerPlugin ending main-reload for END.
[05:43:08] [main/DEBUG] [REI] ========================================
[05:43:08] [main/TRACE] [REI] [REIServerPlugin END] Reloading Section: "end-reload/"
[05:43:08] [main/TRACE] [REI] [REIServerPlugin END] Reloading Section: "end-reload/MenuInfoRegistryImpl/"
[05:43:08] [main/DEBUG] [REI] Registered 0 menu infos
[05:43:08] [main/TRACE] [REI] [REIServerPlugin END] Reloading Section: "end-reload/MenuInfoRegistryImpl/" done in 63.58 μs
[05:43:08] [main/TRACE] [REI] [REIServerPlugin END] Reloading Section: "end-reload/SlotAccessorRegistryImpl/"
[05:43:08] [main/DEBUG] [REI] Registered 2 slot accessor serializers
[05:43:08] [main/TRACE] [REI] [REIServerPlugin END] Reloading Section: "end-reload/SlotAccessorRegistryImpl/" done in 38.13 μs
[05:43:08] [main/TRACE] [REI] [REIServerPlugin END] Reloading Section: "end-reload/" done in 197.8 μs
[05:43:08] [main/DEBUG] [REI] ========================================
[05:43:08] [main/DEBUG] [REI] REIServerPlugin ended main-reload for END in 4.304 ms.
[05:43:08] [main/DEBUG] [REI] ========================================
[05:43:08] [main/DEBUG] [REI] ========================================
[05:43:08] [main/DEBUG] [REI] REIPlugin starting post-reload for END.
[05:43:08] [main/DEBUG] [REI] Reloadables (7):
[05:43:08] [main/DEBUG] [REI]  - EntryTypeRegistryImpl
[05:43:08] [main/DEBUG] [REI]  - EntrySettingsAdapterRegistryImpl
[05:43:08] [main/DEBUG] [REI]  - RecipeManagerContextImpl
[05:43:08] [main/DEBUG] [REI]  - ItemComparatorRegistryImpl
[05:43:08] [main/DEBUG] [REI]  - FluidComparatorRegistryImpl
[05:43:08] [main/DEBUG] [REI]  - DisplaySerializerRegistryImpl
[05:43:08] [main/DEBUG] [REI]  - FluidSupportProviderImpl
[05:43:08] [main/DEBUG] [REI] Plugins (3):
[05:43:08] [main/DEBUG] [REI]  - (-100.00) DefaultPlugin of DefaultPlugin [roughlyenoughitems]
[05:43:08] [main/DEBUG] [REI]  - (0.00) FabricFluidAPISupportPlugin
[05:43:08] [main/DEBUG] [REI]  - (0.00) DefaultRuntimePlugin of DefaultRuntimePlugin [roughlyenoughitems]
[05:43:08] [main/DEBUG] [REI] ========================================
[05:43:08] [main/TRACE] [REI] [REIPlugin END] Reloading Section: "post-register/"
[05:43:08] [main/TRACE] [REI] [REIPlugin END] Reloading Section: "post-register/DefaultPlugin of DefaultPlugin [roughlyenoughitems]/"
[05:43:08] [main/TRACE] [REI] [REIPlugin END] Reloading Section: "post-register/DefaultPlugin of DefaultPlugin [roughlyenoughitems]/" done in 37.55 μs
[05:43:08] [main/TRACE] [REI] [REIPlugin END] Reloading Section: "post-register/FabricFluidAPISupportPlugin/"
[05:43:08] [main/TRACE] [REI] [REIPlugin END] Reloading Section: "post-register/FabricFluidAPISupportPlugin/" done in 33.03 μs
[05:43:08] [main/TRACE] [REI] [REIPlugin END] Reloading Section: "post-register/DefaultRuntimePlugin of DefaultRuntimePlugin [roughlyenoughitems]/"
[05:43:08] [main/TRACE] [REI] [REIPlugin END] Reloading Section: "post-register/DefaultRuntimePlugin of DefaultRuntimePlugin [roughlyenoughitems]/" done in 34.63 μs
[05:43:08] [main/TRACE] [REI] [REIPlugin END] Reloading Section: "post-register/" done in 334.3 μs
[05:43:08] [main/TRACE] [REI] [REIPlugin END] Reloading Section: "post-stage/"
[05:43:08] [main/TRACE] [REI] [REIPlugin END] Reloading Section: "post-stage/EntryTypeRegistryImpl/"
[05:43:08] [main/TRACE] [REI] [REIPlugin END] Reloading Section: "post-stage/EntryTypeRegistryImpl/" done in 36.62 μs
[05:43:08] [main/TRACE] [REI] [REIPlugin END] Reloading Section: "post-stage/EntrySettingsAdapterRegistryImpl/"
[05:43:08] [main/TRACE] [REI] [REIPlugin END] Reloading Section: "post-stage/EntrySettingsAdapterRegistryImpl/" done in 36.83 μs
[05:43:08] [main/TRACE] [REI] [REIPlugin END] Reloading Section: "post-stage/RecipeManagerContextImpl/"
[05:43:08] [main/TRACE] [REI] [REIPlugin END] Reloading Section: "post-stage/RecipeManagerContextImpl/" done in 33.46 μs
[05:43:08] [main/TRACE] [REI] [REIPlugin END] Reloading Section: "post-stage/ItemComparatorRegistryImpl/"
[05:43:08] [main/TRACE] [REI] [REIPlugin END] Reloading Section: "post-stage/ItemComparatorRegistryImpl/" done in 30.76 μs
[05:43:08] [main/TRACE] [REI] [REIPlugin END] Reloading Section: "post-stage/FluidComparatorRegistryImpl/"
[05:43:08] [main/TRACE] [REI] [REIPlugin END] Reloading Section: "post-stage/FluidComparatorRegistryImpl/" done in 31.69 μs
[05:43:08] [main/TRACE] [REI] [REIPlugin END] Reloading Section: "post-stage/DisplaySerializerRegistryImpl/"
[05:43:08] [main/TRACE] [REI] [REIPlugin END] Reloading Section: "post-stage/DisplaySerializerRegistryImpl/" done in 60.88 μs
[05:43:08] [main/TRACE] [REI] [REIPlugin END] Reloading Section: "post-stage/FluidSupportProviderImpl/"
[05:43:08] [main/TRACE] [REI] [REIPlugin END] Reloading Section: "post-stage/FluidSupportProviderImpl/" done in 30.38 μs
[05:43:08] [main/TRACE] [REI] [REIPlugin END] Reloading Section: "post-stage/" done in 761.5 μs
[05:43:08] [main/DEBUG] [REI] ========================================
[05:43:08] [main/INFO] [REI] REIPlugin finished post-reload for END in 1.204 ms, totaling 39.01 ms.
[05:43:08] [main/DEBUG] [REI] ========================================
[05:43:08] [main/DEBUG] [REI] ========================================
[05:43:08] [main/DEBUG] [REI] REIServerPlugin starting post-reload for END.
[05:43:08] [main/DEBUG] [REI] Reloadables (2):
[05:43:08] [main/DEBUG] [REI]  - MenuInfoRegistryImpl
[05:43:08] [main/DEBUG] [REI]  - SlotAccessorRegistryImpl
[05:43:08] [main/DEBUG] [REI] Plugins (3):
[05:43:08] [main/DEBUG] [REI]  - (-100.00) DefaultPlugin of DefaultPlugin [roughlyenoughitems]
[05:43:08] [main/DEBUG] [REI]  - (0.00) FabricFluidAPISupportPlugin
[05:43:08] [main/DEBUG] [REI]  - (0.00) DefaultRuntimePlugin of DefaultRuntimePlugin [roughlyenoughitems]
[05:43:08] [main/DEBUG] [REI] ========================================
[05:43:08] [main/TRACE] [REI] [REIServerPlugin END] Reloading Section: "post-register/"
[05:43:08] [main/TRACE] [REI] [REIServerPlugin END] Reloading Section: "post-register/DefaultPlugin of DefaultPlugin [roughlyenoughitems]/"
[05:43:08] [main/TRACE] [REI] [REIServerPlugin END] Reloading Section: "post-register/DefaultPlugin of DefaultPlugin [roughlyenoughitems]/" done in 40.84 μs
[05:43:08] [main/TRACE] [REI] [REIServerPlugin END] Reloading Section: "post-register/FabricFluidAPISupportPlugin/"
[05:43:08] [main/TRACE] [REI] [REIServerPlugin END] Reloading Section: "post-register/FabricFluidAPISupportPlugin/" done in 36.77 μs
[05:43:08] [main/TRACE] [REI] [REIServerPlugin END] Reloading Section: "post-register/DefaultRuntimePlugin of DefaultRuntimePlugin [roughlyenoughitems]/"
[05:43:08] [main/TRACE] [REI] [REIServerPlugin END] Reloading Section: "post-register/DefaultRuntimePlugin of DefaultRuntimePlugin [roughlyenoughitems]/" done in 37.70 μs
[05:43:08] [main/TRACE] [REI] [REIServerPlugin END] Reloading Section: "post-register/" done in 384.5 μs
[05:43:08] [main/TRACE] [REI] [REIServerPlugin END] Reloading Section: "post-stage/"
[05:43:08] [main/TRACE] [REI] [REIServerPlugin END] Reloading Section: "post-stage/MenuInfoRegistryImpl/"
[05:43:08] [main/TRACE] [REI] [REIServerPlugin END] Reloading Section: "post-stage/MenuInfoRegistryImpl/" done in 35.18 μs
[05:43:08] [main/TRACE] [REI] [REIServerPlugin END] Reloading Section: "post-stage/SlotAccessorRegistryImpl/"
[05:43:08] [main/TRACE] [REI] [REIServerPlugin END] Reloading Section: "post-stage/SlotAccessorRegistryImpl/" done in 36.37 μs
[05:43:08] [main/TRACE] [REI] [REIServerPlugin END] Reloading Section: "post-stage/" done in 252.3 μs
[05:43:08] [main/DEBUG] [REI] ========================================
[05:43:08] [main/INFO] [REI] REIServerPlugin finished post-reload for END in 757.7 μs, totaling 7.593 ms.
[05:43:08] [main/DEBUG] [REI] ========================================
